BLOCK00/SES002/SA002S12	SES002	1.30994	-50.4401	-51.75
BLOCK00/SES002/SA002S13	SES002	2.1888	-50.0536	-52.2424
BLOCK00/SES002/SA002S23	SES002	1.50853	-50.0874	-51.5959
BLOCK00/SES002/SA002S26	SES002	2.25796	-49.6425	-51.9004
BLOCK00/SES002/SA002S28	SES002	1.58572	-50.7373	-52.323
BLOCK00/SES007/SA007S14	SES007	1.2208	-49.9233	-51.1441
BLOCK00/SES007/SA007S15	SES007	0.428581	-51.7067	-52.1353
BLOCK00/SES007/SA007S24	SES007	0.708378	-51.487	-52.1954
BLOCK00/SES007/SA007S27	SES007	0.436394	-52.1598	-52.5961
BLOCK00/SES007/SA007S29	SES007	0.42112	-51.0763	-51.4974
BLOCK00/SES008/SA008S11	SES008	1.2139	-51.0478	-52.2617
BLOCK00/SES008/SA008S12	SES008	0.346733	-52.0856	-52.4323
BLOCK00/SES008/SA008S19	SES008	2.00105	-50.2918	-52.2929
BLOCK00/SES008/SA008S22	SES008	1.20389	-51.455	-52.6588
BLOCK00/SES008/SA008S29	SES008	1.25472	-50.6747	-51.9294
BLOCK01/SES014/SA014S10	SES014	2.326	-50.8991	-53.2251
BLOCK01/SES014/SA014S12	SES014	3.00534	-48.281	-51.2863
BLOCK01/SES014/SA014S24	SES014	1.94834	-50.0001	-51.9485
BLOCK01/SES014/SA014S26	SES014	2.88393	-47.5841	-50.4681
BLOCK01/SES014/SA014S28	SES014	3.09596	-48.2796	-51.3755
BLOCK01/SES016/SA016S12	SES016	1.72692	-52.2959	-54.0229
BLOCK01/SES016/SA016S13	SES016	1.18108	-51.6567	-52.8377
BLOCK01/SES016/SA016S22	SES016	0.329643	-52.5232	-52.8528
BLOCK01/SES016/SA016S25	SES016	1.58482	-49.3187	-50.9036
BLOCK01/SES016/SA016S27	SES016	1.50911	-49.4963	-51.0054
BLOCK01/SES019/SA019S13	SES019	3.16889	-50.7938	-53.9627
BLOCK01/SES019/SA019S14	SES019	2.09528	-51.291	-53.3863
BLOCK01/SES019/SA019S22	SES019	2.97714	-50.4912	-53.4683
BLOCK01/SES019/SA019S25	SES019	2.89688	-50.6314	-53.5283
BLOCK01/SES019/SA019S29	SES019	3.49135	-50.3813	-53.8726
BLOCK02/SES029/SA029S11	SES029	1.19578	-50.9291	-52.1249
BLOCK02/SES029/SA029S12	SES029	0.480713	-51.333	-51.8138
BLOCK02/SES029/SA029S20	SES029	0.700291	-52.2091	-52.9094
BLOCK02/SES029/SA029S25	SES029	0.654537	-50.7683	-51.4228
BLOCK02/SES029/SA029S28	SES029	0.534824	-51.6349	-52.1698
BLOCK04/SES042/SA042S12	SES042	2.52756	-49.1067	-51.6343
BLOCK04/SES042/SA042S15	SES042	2.33933	-49.902	-52.2413
BLOCK04/SES042/SA042S22	SES042	3.6175	-47.5811	-51.1985
BLOCK04/SES042/SA042S25	SES042	1.99148	-50.6409	-52.6324
BLOCK04/SES042/SA042S27	SES042	1.96972	-49.3302	-51.2999
BLOCK04/SES048/SA048S11	SES048	1.1554	-50.7371	-51.8925
BLOCK04/SES048/SA048S12	SES048	0.495056	-51.1251	-51.6201
BLOCK04/SES048/SA048S20	SES048	0.943607	-50.537	-51.4807
BLOCK04/SES048/SA048S23	SES048	1.38334	-51.1229	-52.5062
BLOCK04/SES048/SA048S27	SES048	0.799664	-50.1308	-50.9305
BLOCK06/SES060/SA060S11	SES060	1.54335	-50.7878	-52.3312
BLOCK06/SES060/SA060S12	SES060	-2.13802	-54.0885	-51.9505
BLOCK06/SES060/SA060S22	SES060	-0.257023	-53.4365	-53.1794
BLOCK06/SES060/SA060S24	SES060	1.14546	-50.8184	-51.9639
BLOCK06/SES060/SA060S28	SES060	1.67039	-48.4742	-50.1446
BLOCK06/SES062/SA062S10	SES062	0.95908	-50.9243	-51.8834
BLOCK06/SES062/SA062S11	SES062	1.17561	-50.7235	-51.8991
BLOCK06/SES062/SA062S21	SES062	2.43531	-47.8078	-50.2431
BLOCK06/SES062/SA062S26	SES062	0.70092	-50.0387	-50.7396
BLOCK06/SES062/SA062S29	SES062	1.68251	-49.1405	-50.823
BLOCK06/SES068/SA068S14	SES068	0.437672	-51.2805	-51.7182
BLOCK06/SES068/SA068S15	SES068	1.14429	-49.7997	-50.944
BLOCK06/SES068/SA068S23	SES068	0.549416	-52.2281	-52.7775
BLOCK06/SES068/SA068S27	SES068	1.38691	-50.0339	-51.4208
BLOCK06/SES068/SA068S29	SES068	0.73806	-50.7411	-51.4792
BLOCK08/SES082/SA082S12	SES082	1.07384	-52.118	-53.1919
BLOCK08/SES082/SA082S14	SES082	0.514023	-52.8321	-53.3461
BLOCK08/SES082/SA082S21	SES082	0.784508	-51.9735	-52.758
BLOCK08/SES082/SA082S24	SES082	0.885071	-51.2223	-52.1074
BLOCK08/SES082/SA082S28	SES082	0.454071	-52.2913	-52.7454
BLOCK08/SES083/SA083S14	SES083	-0.656658	-52.2218	-51.5651
BLOCK08/SES083/SA083S15	SES083	0.0289764	-51.4217	-51.4507
BLOCK08/SES083/SA083S24	SES083	-0.275375	-52.1612	-51.8858
BLOCK08/SES083/SA083S26	SES083	0.940132	-51.0902	-52.0304
BLOCK08/SES083/SA083S29	SES083	-0.127941	-51.5345	-51.4066
BLOCK08/SES085/SA085S10	SES085	0.25695	-51.2532	-51.5101
BLOCK08/SES085/SA085S13	SES085	0.39257	-51.7275	-52.1201
BLOCK08/SES085/SA085S22	SES085	-2.11383	-53.8251	-51.7113
BLOCK08/SES085/SA085S26	SES085	-0.406898	-52.0962	-51.6893
BLOCK08/SES085/SA085S28	SES085	1.03051	-50.9231	-51.9536
BLOCK08/SES087/SA087S15	SES087	1.57751	-50.9176	-52.4951
BLOCK08/SES087/SA087S16	SES087	2.0351	-50.5444	-52.5795
BLOCK08/SES087/SA087S24	SES087	2.13561	-50.4271	-52.5627
BLOCK08/SES087/SA087S26	SES087	1.54014	-49.6127	-51.1529
BLOCK08/SES087/SA087S29	SES087	1.98564	-50.8478	-52.8334
BLOCK09/SES099/SA099S15	SES099	1.42291	-51.6123	-53.0352
BLOCK09/SES099/SA099S16	SES099	1.27082	-51.046	-52.3169
BLOCK09/SES099/SA099S24	SES099	1.61651	-50.3209	-51.9374
BLOCK09/SES099/SA099S26	SES099	1.7386	-50.2912	-52.0298
BLOCK09/SES099/SA099S29	SES099	1.77199	-50.2911	-52.0631
BLOCK10/SES101/SA101S11	SES101	0.293159	-51.0949	-51.3881
BLOCK10/SES101/SA101S13	SES101	1.12176	-50.1664	-51.2881
BLOCK10/SES101/SA101S22	SES101	1.03751	-51.7879	-52.8254
BLOCK10/SES101/SA101S24	SES101	1.08386	-51.1281	-52.212
BLOCK10/SES101/SA101S28	SES101	-0.172474	-52.3143	-52.1418
BLOCK10/SES104/SA104S11	SES104	1.17827	-49.8548	-51.0331
BLOCK10/SES104/SA104S12	SES104	1.38699	-49.9532	-51.3402
BLOCK10/SES104/SA104S21	SES104	1.01482	-51.0867	-52.1016
BLOCK10/SES104/SA104S24	SES104	0.618786	-51.6073	-52.2261
BLOCK10/SES104/SA104S28	SES104	1.0467	-51.1319	-52.1786
BLOCK10/SES105/SA105S12	SES105	0.832592	-52.3407	-53.1733
BLOCK10/SES105/SA105S13	SES105	0.92466	-51.7124	-52.6371
BLOCK10/SES105/SA105S22	SES105	0.294315	-52.8466	-53.1409
BLOCK10/SES105/SA105S26	SES105	1.38587	-51.4295	-52.8154
BLOCK10/SES105/SA105S29	SES105	0.754028	-51.8061	-52.5602
BLOCK10/SES106/SA106S09	SES106	1.37799	-52.11	-53.488
BLOCK10/SES106/SA106S11	SES106	1.81722	-50.2797	-52.097
BLOCK10/SES106/SA106S22	SES106	2.9842	-50.4681	-53.4523
BLOCK10/SES106/SA106S27	SES106	1.29697	-51.4548	-52.7518
BLOCK10/SES106/SA106S29	SES106	1.09362	-51.2129	-52.3066
BLOCK11/SES117/SA117S12	SES117	0.35743	-52.4888	-52.8462
BLOCK11/SES117/SA117S13	SES117	0.460052	-51.7048	-52.1649
BLOCK11/SES117/SA117S23	SES117	1.64859	-52.6361	-54.2847
BLOCK11/SES117/SA117S25	SES117	0.794067	-52.5363	-53.3304
BLOCK11/SES117/SA117S28	SES117	1.42063	-52.481	-53.9016
BLOCK12/SES120/SA120S08	SES120	1.81517	-52.5245	-54.3397
BLOCK12/SES120/SA120S11	SES120	0.467346	-54.826	-55.2933
BLOCK12/SES120/SA120S22	SES120	0.375416	-52.1205	-52.4959
BLOCK12/SES120/SA120S24	SES120	0.147175	-52.9404	-53.0875
BLOCK12/SES120/SA120S28	SES120	0.554932	-53.6969	-54.2518
BLOCK12/SES125/SA125S13	SES125	2.43054	-49.5458	-51.9763
BLOCK12/SES125/SA125S14	SES125	1.41436	-50.7168	-52.1312
BLOCK12/SES125/SA125S25	SES125	2.04086	-50.055	-52.0958
BLOCK12/SES125/SA125S27	SES125	1.94838	-49.3067	-51.2551
BLOCK12/SES125/SA125S29	SES125	1.92607	-50.1574	-52.0835
BLOCK12/SES127/SA127S11	SES127	0.93869	-51.7562	-52.6949
BLOCK12/SES127/SA127S12	SES127	-0.596924	-52.115	-51.518
BLOCK12/SES127/SA127S23	SES127	0.253922	-51.8824	-52.1364
BLOCK12/SES127/SA127S25	SES127	0.0893593	-52.0833	-52.1726
BLOCK12/SES127/SA127S27	SES127	1.13731	-50.7529	-51.8903
BLOCK12/SES129/SA129S11	SES129	1.77141	-50.2697	-52.0411
BLOCK12/SES129/SA129S12	SES129	1.34999	-50.2983	-51.6483
BLOCK12/SES129/SA129S22	SES129	1.49598	-50.8816	-52.3776
BLOCK12/SES129/SA129S27	SES129	1.87066	-49.9804	-51.8511
BLOCK12/SES129/SA129S29	SES129	1.49437	-50.1686	-51.663
BLOCK14/SES142/SA142S11	SES142	2.27735	-51.0417	-53.319
BLOCK14/SES142/SA142S12	SES142	1.29265	-52.18	-53.4727
BLOCK14/SES142/SA142S24	SES142	2.20504	-51.0325	-53.2375
BLOCK14/SES142/SA142S27	SES142	2.29895	-50.8769	-53.1758
BLOCK14/SES142/SA142S29	SES142	2.51219	-49.7615	-52.2737
BLOCK14/SES143/SA143S12	SES143	1.0569	-51.9585	-53.0154
BLOCK14/SES143/SA143S13	SES143	0.850971	-52.1091	-52.96
BLOCK14/SES143/SA143S23	SES143	0.791344	-52.2443	-53.0356
BLOCK14/SES143/SA143S25	SES143	0.8764	-51.7797	-52.6561
BLOCK14/SES143/SA143S28	SES143	0.772533	-51.2433	-52.0159
BLOCK14/SES144/SA144S09	SES144	1.21836	-51.2901	-52.5084
BLOCK14/SES144/SA144S11	SES144	0.802544	-52.3035	-53.106
BLOCK14/SES144/SA144S21	SES144	0.518208	-52.128	-52.6462
BLOCK14/SES144/SA144S25	SES144	0.615845	-52.407	-53.0229
BLOCK14/SES144/SA144S29	SES144	0.0602684	-52.2586	-52.3189
BLOCK14/SES146/SA146S14	SES146	0.824535	-52.2347	-53.0592
BLOCK14/SES146/SA146S15	SES146	0.344757	-52.4977	-52.8425
BLOCK14/SES146/SA146S24	SES146	0.51693	-52.2848	-52.8018
BLOCK14/SES146/SA146S26	SES146	0.832451	-52.6744	-53.5068
BLOCK14/SES146/SA146S29	SES146	0.700676	-52.7975	-53.4982
BLOCK14/SES147/SA147S11	SES147	2.11975	-51.5955	-53.7153
BLOCK14/SES147/SA147S13	SES147	2.61231	-50.2946	-52.9069
BLOCK14/SES147/SA147S23	SES147	1.91431	-51.8963	-53.8106
BLOCK14/SES147/SA147S26	SES147	1.64566	-51.9539	-53.5995
BLOCK14/SES147/SA147S28	SES147	2.46267	-50.9687	-53.4314
BLOCK14/SES148/SA148S10	SES148	1.53074	-50.757	-52.2877
BLOCK14/SES148/SA148S12	SES148	0.778191	-52.0388	-52.817
BLOCK14/SES148/SA148S22	SES148	1.27731	-50.2233	-51.5006
BLOCK14/SES148/SA148S26	SES148	0.517895	-51.053	-51.5709
BLOCK14/SES148/SA148S29	SES148	0.849327	-51.7672	-52.6165
BLOCK14/SES149/SA149S13	SES149	0.141315	-51.9884	-52.1297
BLOCK14/SES149/SA149S14	SES149	0.418934	-51.2233	-51.6423
BLOCK14/SES149/SA149S24	SES149	1.15694	-50.9905	-52.1474
BLOCK14/SES149/SA149S26	SES149	2.0688	-50.2391	-52.3079
BLOCK14/SES149/SA149S28	SES149	2.27237	-49.6565	-51.9289
BLOCK15/SES158/SA158S13	SES158	1.61927	-51.4989	-53.1182
BLOCK15/SES158/SA158S14	SES158	2.46339	-50.9079	-53.3713
BLOCK15/SES158/SA158S23	SES158	1.34219	-51.2273	-52.5695
BLOCK15/SES158/SA158S26	SES158	1.89512	-51.0961	-52.9913
BLOCK15/SES158/SA158S28	SES158	0.974384	-51.8574	-52.8318
BLOCK16/SES162/SA162S10	SES162	0.654903	-52.652	-53.3069
BLOCK16/SES162/SA162S11	SES162	1.03701	-51.2969	-52.3339
BLOCK16/SES162/SA162S21	SES162	1.58947	-51.2393	-52.8288
BLOCK16/SES162/SA162S24	SES162	0.714336	-52.1109	-52.8252
BLOCK16/SES162/SA162S27	SES162	1.48981	-51.6415	-53.1313
BLOCK16/SES167/SA167S14	SES167	1.01004	-50.2296	-51.2396
BLOCK16/SES167/SA167S15	SES167	1.28785	-51.0732	-52.3611
BLOCK16/SES167/SA167S21	SES167	1.37951	-50.2383	-51.6178
BLOCK16/SES167/SA167S25	SES167	1.49605	-51.214	-52.71
BLOCK16/SES167/SA167S29	SES167	2.14309	-49.3693	-51.5124
BLOCK17/SES172/SA172S12	SES172	1.29614	-51.1493	-52.4454
BLOCK17/SES172/SA172S13	SES172	1.70112	-51.4972	-53.1984
BLOCK17/SES172/SA172S23	SES172	0.853619	-50.0956	-50.9492
BLOCK17/SES172/SA172S27	SES172	0.933163	-51.618	-52.5512
BLOCK17/SES172/SA172S29	SES172	1.6452	-50.8853	-52.5305
BLOCK17/SES175/SA175S11	SES175	1.63383	-51.0055	-52.6393
BLOCK17/SES175/SA175S13	SES175	1.35573	-51.1011	-52.4569
BLOCK17/SES175/SA175S23	SES175	1.93538	-50.9719	-52.9073
BLOCK17/SES175/SA175S25	SES175	1.12768	-52.9862	-54.1139
BLOCK17/SES175/SA175S28	SES175	1.58121	-50.6467	-52.228
BLOCK17/SES177/SA177S15	SES177	-0.303612	-52.4332	-52.1296
BLOCK17/SES177/SA177S17	SES177	0.0867119	-51.8918	-51.9785
BLOCK17/SES177/SA177S23	SES177	-0.0861206	-52.2791	-52.193
BLOCK17/SES177/SA177S26	SES177	0.774658	-49.8096	-50.5843
BLOCK17/SES177/SA177S28	SES177	0.917183	-50.5416	-51.4588
BLOCK18/SES180/SA180S13	SES180	0.491005	-51.8118	-52.3028
BLOCK18/SES180/SA180S15	SES180	0.756638	-52.1431	-52.8997
BLOCK18/SES180/SA180S24	SES180	0.775883	-50.3102	-51.0861
BLOCK18/SES180/SA180S26	SES180	0.896214	-51.0984	-51.9946
BLOCK18/SES180/SA180S29	SES180	1.0858	-51.8657	-52.9515
BLOCK18/SES183/SA183S13	SES183	1.03015	-52.4152	-53.4453
BLOCK18/SES183/SA183S14	SES183	0.484135	-52.4924	-52.9766
BLOCK18/SES183/SA183S24	SES183	1.25487	-52.2674	-53.5222
BLOCK18/SES183/SA183S27	SES183	1.46499	-51.5067	-52.9717
BLOCK18/SES183/SA183S29	SES183	1.16469	-51.3195	-52.4841
BLOCK18/SES187/SA187S13	SES187	0.978149	-52.4182	-53.3963
BLOCK18/SES187/SA187S14	SES187	0.824188	-52.4896	-53.3138
BLOCK18/SES187/SA187S24	SES187	1.50579	-51.4171	-52.9229
BLOCK18/SES187/SA187S27	SES187	1.6188	-51.2899	-52.9087
BLOCK18/SES187/SA187S29	SES187	0.84145	-52.0775	-52.9189
BLOCK18/SES189/SA189S10	SES189	1.73202	-53.349	-55.081
BLOCK18/SES189/SA189S13	SES189	2.35802	-53.3995	-55.7575
BLOCK18/SES189/SA189S24	SES189	1.73567	-52.5473	-54.283
BLOCK18/SES189/SA189S26	SES189	1.34096	-52.6296	-53.9706
BLOCK18/SES189/SA189S29	SES189	2.06167	-52.0158	-54.0774
BLOCK20/SES202/SA202S12	SES202	1.29614	-53.0731	-54.3692
BLOCK20/SES202/SA202S14	SES202	2.77017	-50.2753	-53.0455
BLOCK20/SES202/SA202S24	SES202	1.73771	-51.6135	-53.3513
BLOCK20/SES202/SA202S27	SES202	1.71894	-50.2139	-51.9328
BLOCK20/SES202/SA202S29	SES202	2.25879	-49.8972	-52.156
BLOCK20/SES206/SA206S15	SES206	0.0655823	-51.2395	-51.3051
BLOCK20/SES206/SA206S17	SES206	2.06552	-49.3322	-51.3977
BLOCK20/SES206/SA206S24	SES206	1.59858	-49.7401	-51.3387
BLOCK20/SES206/SA206S27	SES206	1.88787	-50.209	-52.0968
BLOCK20/SES206/SA206S29	SES206	2.00689	-48.9076	-50.9145
BLOCK22/SES226/SA226S12	SES226	1.21264	-51.9066	-53.1193
BLOCK22/SES226/SA226S13	SES226	0.0667381	-52.3717	-52.4385
BLOCK22/SES226/SA226S20	SES226	1.43704	-51.4489	-52.8859
BLOCK22/SES226/SA226S23	SES226	1.474	-50.9442	-52.4182
BLOCK22/SES226/SA226S28	SES226	1.64617	-50.8218	-52.468
BLOCK25/SES259/SA259S13	SES259	3.27284	-49.1089	-52.3818
BLOCK25/SES259/SA259S14	SES259	2.1047	-50.3297	-52.4344
BLOCK25/SES259/SA259S22	SES259	1.65397	-50.4706	-52.1245
BLOCK25/SES259/SA259S24	SES259	2.06717	-49.2816	-51.3488
BLOCK25/SES259/SA259S28	SES259	1.91362	-49.6055	-51.5191
BLOCK27/SES270/SA270S14	SES270	2.26073	-51.3149	-53.5756
BLOCK27/SES270/SA270S16	SES270	0.914669	-51.6133	-52.528
BLOCK27/SES270/SA270S22	SES270	2.45851	-50.5922	-53.0508
BLOCK27/SES270/SA270S26	SES270	1.54673	-52.3365	-53.8832
BLOCK27/SES270/SA270S28	SES270	1.12205	-51.029	-52.151
BLOCK27/SES275/SA275S17	SES275	1.37693	-51.9275	-53.3044
BLOCK27/SES275/SA275S18	SES275	0.333733	-52.0512	-52.385
BLOCK27/SES275/SA275S24	SES275	0.786747	-53.0681	-53.8549
BLOCK27/SES275/SA275S26	SES275	0.916512	-51.3874	-52.3039
BLOCK27/SES275/SA275S28	SES275	0.40358	-51.6035	-52.0071
BLOCK29/SES292/SA292S10	SES292	0.500637	-52.1797	-52.6803
BLOCK29/SES292/SA292S12	SES292	0.211956	-52.8073	-53.0193
BLOCK29/SES292/SA292S22	SES292	1.00473	-50.8389	-51.8437
BLOCK29/SES292/SA292S24	SES292	0.1661	-51.7923	-51.9584
BLOCK29/SES292/SA292S27	SES292	0.480675	-51.1403	-51.621
BLOCK00/SES001/SA001S14	SES062	-1.65071	-55.0442	-53.3934
BLOCK00/SES001/SA001S14	SES082	-2.90147	-56.2949	-53.3934
BLOCK00/SES001/SA001S14	SES106	-3.17035	-56.5638	-53.3934
BLOCK00/SES001/SA001S14	SES206	-4.5547	-57.9481	-53.3934
BLOCK00/SES001/SA001S15	SES062	-2.04106	-54.1452	-52.1041
BLOCK00/SES001/SA001S15	SES104	-3.99409	-56.0982	-52.1041
BLOCK00/SES001/SA001S15	SES106	-2.86759	-54.9717	-52.1041
BLOCK00/SES001/SA001S15	SES206	-4.38588	-56.49	-52.1041
BLOCK00/SES001/SA001S24	SES062	-3.76698	-57.2425	-53.4755
BLOCK00/SES001/SA001S24	SES082	-2.33796	-55.8135	-53.4755
BLOCK00/SES001/SA001S24	SES087	-3.37729	-56.8528	-53.4755
BLOCK00/SES001/SA001S24	SES206	-2.46509	-55.9406	-53.4755
BLOCK00/SES001/SA001S27	SES062	-1.74137	-53.7181	-51.9767
BLOCK00/SES001/SA001S27	SES082	-1.93025	-53.907	-51.9767
BLOCK00/SES001/SA001S27	SES087	-2.86413	-54.8409	-51.9767
BLOCK00/SES001/SA001S27	SES206	-3.03796	-55.0147	-51.9767
BLOCK00/SES001/SA001S29	SES062	-3.03579	-56.3229	-53.2871
BLOCK00/SES001/SA001S29	SES082	-1.96748	-55.2546	-53.2871
BLOCK00/SES001/SA001S29	SES158	-2.15251	-55.4396	-53.2871
BLOCK00/SES001/SA001S29	SES206	-5.24814	-58.5352	-53.2871
BLOCK00/SES003/SA003S11	SES002	-2.14985	-54.754	-52.6042
BLOCK00/SES003/SA003S11	SES019	-1.44576	-54.0499	-52.6042
BLOCK00/SES003/SA003S11	SES082	-0.272091	-52.8762	-52.6042
BLOCK00/SES003/SA003S11	SES125	-1.38674	-53.9909	-52.6042
BLOCK00/SES003/SA003S15	SES016	-2.97205	-55.2589	-52.2869
BLOCK00/SES003/SA003S15	SES019	-1.45625	-53.7431	-52.2869
BLOCK00/SES003/SA003S15	SES062	-1.6986	-53.9855	-52.2869
BLOCK00/SES003/SA003S15	SES206	-1.27161	-53.5585	-52.2869
BLOCK00/SES003/SA003S22	SES002	-3.46316	-55.7844	-52.3212
BLOCK00/SES003/SA003S22	SES062	-1.58685	-53.9081	-52.3212
BLOCK00/SES003/SA003S22	SES082	-1.354	-53.6752	-52.3212
BLOCK00/SES003/SA003S22	SES087	-2.07766	-54.3989	-52.3212
BLOCK00/SES003/SA003S25	SES062	-2.74638	-55.9493	-53.2029
BLOCK00/SES003/SA003S25	SES082	-0.158012	-53.361	-53.2029
BLOCK00/SES003/SA003S25	SES087	-0.996025	-54.199	-53.2029
BLOCK00/SES003/SA003S25	SES206	-2.02591	-55.2289	-53.2029
BLOCK00/SES003/SA003S29	SES002	-3.13293	-56.0301	-52.8971
BLOCK00/SES003/SA003S29	SES062	-2.08573	-54.9828	-52.8971
BLOCK00/SES003/SA003S29	SES082	-0.809727	-53.7068	-52.8971
BLOCK00/SES003/SA003S29	SES087	-2.3302	-55.2273	-52.8971
BLOCK00/SES004/SA004S12	SES083	-2.67635	-55.8349	-53.1585
BLOCK00/SES004/SA004S12	SES148	-2.29882	-55.4573	-53.1585
BLOCK00/SES004/SA004S12	SES172	-2.10773	-55.2662	-53.1585
BLOCK00/SES004/SA004S12	SES292	-2.59013	-55.7486	-53.1585
BLOCK00/SES004/SA004S17	SES083	-2.29766	-55.8796	-53.5819
BLOCK00/SES004/SA004S17	SES162	-1.22023	-54.8022	-53.5819
BLOCK00/SES004/SA004S17	SES172	-1.93895	-55.5209	-53.5819
BLOCK00/SES004/SA004S17	SES292	-2.30727	-55.8892	-53.5819
BLOCK00/SES004/SA004S24	SES083	-2.3415	-55.0619	-52.7204
BLOCK00/SES004/SA004S24	SES148	-2.36113	-55.0816	-52.7204
BLOCK00/SES004/SA004S24	SES172	-1.39861	-54.119	-52.7204
BLOCK00/SES004/SA004S24	SES292	-1.50263	-54.2231	-52.7204
BLOCK00/SES004/SA004S26	SES083	-1.53445	-54.0434	-52.509
BLOCK00/SES004/SA004S26	SES127	-1.71008	-54.219	-52.509
BLOCK00/SES004/SA004S26	SES148	-2.74786	-55.2568	-52.509
BLOCK00/SES004/SA004S26	SES292	-1.61389	-54.1228	-52.509
BLOCK00/SES004/SA004S28	SES083	-2.68795	-54.3741	-51.6862
BLOCK00/SES004/SA004S28	SES127	-1.36409	-53.0503	-51.6862
BLOCK00/SES004/SA004S28	SES187	-1.29808	-52.9842	-51.6862
BLOCK00/SES004/SA004S28	SES292	-2.90809	-54.5943	-51.6862
BLOCK00/SES006/SA006S10	SES014	-2.69191	-57.4581	-54.7662
BLOCK00/SES006/SA006S10	SES158	-1.50806	-56.2742	-54.7662
BLOCK00/SES006/SA006S10	SES226	-3.37104	-58.1372	-54.7662
BLOCK00/SES006/SA006S10	SES270	-0.631935	-55.3981	-54.7662
BLOCK00/SES006/SA006S11	SES158	-1.58737	-56.0527	-54.4653
BLOCK00/SES006/SA006S11	SES226	-2.59754	-57.0629	-54.4653
BLOCK00/SES006/SA006S11	SES270	-0.641129	-55.1064	-54.4653
BLOCK00/SES006/SA006S11	SES275	-3.58402	-58.0493	-54.4653
BLOCK00/SES006/SA006S23	SES062	-2.05782	-55.3745	-53.3167
BLOCK00/SES006/SA006S23	SES105	-2.4168	-55.7335	-53.3167
BLOCK00/SES006/SA006S23	SES158	-0.952499	-54.2692	-53.3167
BLOCK00/SES006/SA006S23	SES275	-2.32421	-55.6409	-53.3167
BLOCK00/SES006/SA006S26	SES104	-2.53429	-55.4275	-52.8932
BLOCK00/SES006/SA006S26	SES158	-0.692085	-53.5853	-52.8932
BLOCK00/SES006/SA006S26	SES270	0.225414	-52.6678	-52.8932
BLOCK00/SES006/SA006S26	SES275	-3.28405	-56.1773	-52.8932
BLOCK00/SES006/SA006S28	SES007	-2.98032	-57.1937	-54.2134
BLOCK00/SES006/SA006S28	SES105	-2.63073	-56.8441	-54.2134
BLOCK00/SES006/SA006S28	SES158	-1.79454	-56.0079	-54.2134
BLOCK00/SES006/SA006S28	SES275	-4.02619	-58.2396	-54.2134
BLOCK00/SES009/SA009S12	SES083	-2.16404	-54.2567	-52.0927
BLOCK00/SES009/SA009S12	SES148	-1.69621	-53.7889	-52.0927
BLOCK00/SES009/SA009S12	SES177	-1.40249	-53.4951	-52.0927
BLOCK00/SES009/SA009S12	SES292	-1.36301	-53.4557	-52.0927
BLOCK00/SES009/SA009S15	SES007	0.0829239	-51.4216	-51.5045
BLOCK00/SES009/SA009S15	SES099	-10.4425	-61.947	-51.5045
BLOCK00/SES009/SA009S15	SES148	-1.84109	-53.3456	-51.5045
BLOCK00/SES009/SA009S15	SES172	-1.08472	-52.5892	-51.5045
BLOCK00/SES009/SA009S24	SES146	-1.46665	-53.0839	-51.6173
BLOCK00/SES009/SA009S24	SES148	-1.76971	-53.387	-51.6173
BLOCK00/SES009/SA009S24	SES177	-1.00165	-52.6189	-51.6173
BLOCK00/SES009/SA009S24	SES292	-1.14973	-52.767	-51.6173
BLOCK00/SES009/SA009S26	SES083	-2.46891	-54.71	-52.2411
BLOCK00/SES009/SA009S26	SES101	-1.822	-54.0631	-52.2411
BLOCK00/SES009/SA009S26	SES120	-1.23581	-53.4769	-52.2411
BLOCK00/SES009/SA009S26	SES177	-1.74119	-53.9823	-52.2411
BLOCK00/SES009/SA009S29	SES083	-1.83578	-53.5398	-51.704
BLOCK00/SES009/SA009S29	SES101	-1.67071	-53.3747	-51.704
BLOCK00/SES009/SA009S29	SES177	-1.55095	-53.255	-51.704
BLOCK00/SES009/SA009S29	SES292	-1.55361	-53.2576	-51.704
BLOCK01/SES011/SA011S10	SES019	-1.36067	-53.5054	-52.1447
BLOCK01/SES011/SA011S10	SES042	-1.28091	-53.4256	-52.1447
BLOCK01/SES011/SA011S10	SES082	-2.33334	-54.4781	-52.1447
BLOCK01/SES011/SA011S10	SES206	-1.05886	-53.2036	-52.1447
BLOCK01/SES011/SA011S11	SES019	-0.833847	-54.127	-53.2932
BLOCK01/SES011/SA011S11	SES042	-1.87725	-55.1704	-53.2932
BLOCK01/SES011/SA011S11	SES082	-2.27716	-55.5704	-53.2932
BLOCK01/SES011/SA011S11	SES206	-0.596046	-53.8892	-53.2932
BLOCK01/SES011/SA011S22	SES019	-0.347599	-53.5797	-53.2321
BLOCK01/SES011/SA011S22	SES042	-1.29946	-54.5316	-53.2321
BLOCK01/SES011/SA011S22	SES082	-1.4291	-54.6612	-53.2321
BLOCK01/SES011/SA011S22	SES206	-1.1713	-54.4034	-53.2321
BLOCK01/SES011/SA011S24	SES019	-0.770607	-53.0993	-52.3287
BLOCK01/SES011/SA011S24	SES042	-1.00424	-53.333	-52.3287
BLOCK01/SES011/SA011S24	SES104	-1.24555	-53.5743	-52.3287
BLOCK01/SES011/SA011S24	SES206	-0.472023	-52.8007	-52.3287
BLOCK01/SES011/SA011S27	SES082	0.519688	-51.9045	-52.4242
BLOCK01/SES011/SA011S27	SES087	-0.880943	-53.3051	-52.4242
BLOCK01/SES011/SA011S27	SES125	-0.419376	-52.8435	-52.4242
BLOCK01/SES011/SA011S27	SES206	-0.257381	-52.6815	-52.4242
BLOCK01/SES012/SA012S11	SES007	-2.23772	-53.2634	-51.0257
BLOCK01/SES012/SA012S11	SES082	-1.77375	-52.7994	-51.0257
BLOCK01/SES012/SA012S11	SES083	-2.6632	-53.6889	-51.0257
BLOCK01/SES012/SA012S11	SES206	-1.04226	-52.0679	-51.0257
BLOCK01/SES012/SA012S14	SES082	-1.33645	-53.4516	-52.1151
BLOCK01/SES012/SA012S14	SES087	-2.11268	-54.2278	-52.1151
BLOCK01/SES012/SA012S14	SES206	-0.820683	-52.9358	-52.1151
BLOCK01/SES012/SA012S14	SES292	-3.99831	-56.1134	-52.1151
BLOCK01/SES012/SA012S24	SES082	-0.124722	-52.9191	-52.7944
BLOCK01/SES012/SA012S24	SES087	-1.57353	-54.3679	-52.7944
BLOCK01/SES012/SA012S24	SES120	-5.13645	-57.9308	-52.7944
BLOCK01/SES012/SA012S24	SES206	-0.393379	-53.1878	-52.7944
BLOCK01/SES012/SA012S26	SES019	-2.59874	-54.411	-51.8123
BLOCK01/SES012/SA012S26	SES082	-2.09299	-53.9053	-51.8123
BLOCK01/SES012/SA012S26	SES206	-0.439117	-52.2514	-51.8123
BLOCK01/SES012/SA012S26	SES292	-3.18832	-55.0006	-51.8123
BLOCK01/SES012/SA012S29	SES062	-2.39796	-53.8668	-51.4689
BLOCK01/SES012/SA012S29	SES082	-1.12728	-52.5961	-51.4689
BLOCK01/SES012/SA012S29	SES083	-2.26394	-53.7328	-51.4689
BLOCK01/SES012/SA012S29	SES206	-1.20726	-52.6761	-51.4689
BLOCK01/SES013/SA013S16	SES062	-4.33088	-56.7085	-52.3777
BLOCK01/SES013/SA013S16	SES106	-1.01407	-53.3917	-52.3777
BLOCK01/SES013/SA013S16	SES206	-1.07508	-53.4527	-52.3777
BLOCK01/SES013/SA013S16	SES226	-0.0651703	-52.4428	-52.3777
BLOCK01/SES013/SA013S17	SES062	-3.83619	-55.3917	-51.5555
BLOCK01/SES013/SA013S17	SES106	-1.32186	-52.8774	-51.5555
BLOCK01/SES013/SA013S17	SES206	-0.395065	-51.9506	-51.5555
BLOCK01/SES013/SA013S17	SES226	0.325069	-51.2305	-51.5555
BLOCK01/SES013/SA013S23	SES104	-1.55489	-54.2008	-52.6459
BLOCK01/SES013/SA013S23	SES106	-0.715996	-53.3619	-52.6459
BLOCK01/SES013/SA013S23	SES206	-0.70573	-53.3516	-52.6459
BLOCK01/SES013/SA013S23	SES270	-0.156738	-52.8026	-52.6459
BLOCK01/SES013/SA013S25	SES042	-1.78241	-53.6005	-51.8181
BLOCK01/SES013/SA013S25	SES104	-1.60126	-53.4193	-51.8181
BLOCK01/SES013/SA013S25	SES106	-0.655743	-52.4738	-51.8181
BLOCK01/SES013/SA013S25	SES206	-1.09211	-52.9102	-51.8181
BLOCK01/SES013/SA013S29	SES062	-4.20775	-56.5984	-52.3907
BLOCK01/SES013/SA013S29	SES104	-1.51258	-53.9033	-52.3907
BLOCK01/SES013/SA013S29	SES106	-0.693932	-53.0846	-52.3907
BLOCK01/SES013/SA013S29	SES206	-1.18803	-53.5787	-52.3907
BLOCK02/SES021/SA021S13	SES016	-3.22191	-55.0303	-51.8084
BLOCK02/SES021/SA021S13	SES029	-2.49442	-54.3028	-51.8084
BLOCK02/SES021/SA021S13	SES087	-1.9955	-53.8039	-51.8084
BLOCK02/SES021/SA021S13	SES206	-0.585686	-52.3941	-51.8084
BLOCK02/SES021/SA021S15	SES087	-1.26006	-51.5192	-50.2591
BLOCK02/SES021/SA021S15	SES125	-0.788074	-51.0472	-50.2591
BLOCK02/SES021/SA021S15	SES206	-0.77774	-51.0369	-50.2591
BLOCK02/SES021/SA021S15	SES226	-1.81679	-52.0759	-50.2591
BLOCK02/SES021/SA021S23	SES062	-3.78342	-56.3947	-52.6113
BLOCK02/SES021/SA021S23	SES087	-2.44535	-55.0566	-52.6113
BLOCK02/SES021/SA021S23	SES206	-2.15933	-54.7706	-52.6113
BLOCK02/SES021/SA021S23	SES226	-1.46392	-54.0752	-52.6113
BLOCK02/SES021/SA021S27	SES002	-2.13678	-53.4745	-51.3377
BLOCK02/SES021/SA021S27	SES016	-4.06538	-55.4031	-51.3377
BLOCK02/SES021/SA021S27	SES019	-2.05827	-53.396	-51.3377
BLOCK02/SES021/SA021S27	SES062	-1.49845	-52.8362	-51.3377
BLOCK02/SES021/SA021S29	SES087	-1.53345	-52.6623	-51.1288
BLOCK02/SES021/SA021S29	SES125	-1.03207	-52.1609	-51.1288
BLOCK02/SES021/SA021S29	SES206	-1.02358	-52.1524	-51.1288
BLOCK02/SES021/SA021S29	SES226	-1.76545	-52.8943	-51.1288
BLOCK04/SES043/SA043S09	SES083	-2.61772	-56.1317	-53.514
BLOCK04/SES043/SA043S09	SES101	-2.8689	-56.3829	-53.514
BLOCK04/SES043/SA043S09	SES144	-0.82053	-54.3346	-53.514
BLOCK04/SES043/SA043S09	SES172	-3.83698	-57.351	-53.514
BLOCK04/SES043/SA043S11	SES083	-1.07585	-53.1506	-52.0747
BLOCK04/SES043/SA043S11	SES101	-1.6222	-53.6969	-52.0747
BLOCK04/SES043/SA043S11	SES144	-0.677898	-52.7526	-52.0747
BLOCK04/SES043/SA043S11	SES172	-1.78758	-53.8623	-52.0747
BLOCK04/SES043/SA043S23	SES083	-1.42482	-54.0437	-52.6189
BLOCK04/SES043/SA043S23	SES144	-0.109592	-52.7285	-52.6189
BLOCK04/SES043/SA043S23	SES177	-2.51585	-55.1347	-52.6189
BLOCK04/SES043/SA043S23	SES275	-0.912563	-53.5314	-52.6189
BLOCK04/SES043/SA043S26	SES083	-0.885376	-53.6741	-52.7888
BLOCK04/SES043/SA043S26	SES101	-1.17657	-53.9653	-52.7888
BLOCK04/SES043/SA043S26	SES144	-0.474789	-53.2636	-52.7888
BLOCK04/SES043/SA043S26	SES177	-2.4936	-55.2824	-52.7888
BLOCK04/SES043/SA043S28	SES016	-1.85982	-53.8802	-52.0204
BLOCK04/SES043/SA043S28	SES083	-0.884056	-52.9045	-52.0204
BLOCK04/SES043/SA043S28	SES101	-0.919556	-52.94	-52.0204
BLOCK04/SES043/SA043S28	SES144	-0.920971	-52.9414	-52.0204
BLOCK04/SES044/SA044S10	SES127	-2.90372	-58.5369	-55.6332
BLOCK04/SES044/SA044S10	SES144	-1.18045	-56.8136	-55.6332
BLOCK04/SES044/SA044S10	SES147	-4.77303	-60.4062	-55.6332
BLOCK04/SES044/SA044S10	SES148	-3.49719	-59.1304	-55.6332
BLOCK04/SES044/SA044S11	SES101	-2.26191	-56.6378	-54.3759
BLOCK04/SES044/SA044S11	SES144	-0.280846	-54.6567	-54.3759
BLOCK04/SES044/SA044S11	SES147	-3.76487	-58.1407	-54.3759
BLOCK04/SES044/SA044S11	SES177	-3.52677	-57.9026	-54.3759
BLOCK04/SES044/SA044S24	SES007	-3.18105	-56.809	-53.628
BLOCK04/SES044/SA044S24	SES101	-1.96919	-55.5972	-53.628
BLOCK04/SES044/SA044S24	SES147	-3.8966	-57.5246	-53.628
BLOCK04/SES044/SA044S24	SES177	-2.52352	-56.1515	-53.628
BLOCK04/SES044/SA044S26	SES007	-2.1556	-55.412	-53.2564
BLOCK04/SES044/SA044S26	SES016	-0.66209	-53.9185	-53.2564
BLOCK04/SES044/SA044S26	SES101	-1.34413	-54.6005	-53.2564
BLOCK04/SES044/SA044S26	SES147	-2.21236	-55.4688	-53.2564
BLOCK04/SES044/SA044S29	SES007	-2.25231	-54.7095	-52.4572
BLOCK04/SES044/SA044S29	SES101	-1.06585	-53.523	-52.4572
BLOCK04/SES044/SA044S29	SES147	-3.50059	-55.9577	-52.4572
BLOCK04/SES044/SA044S29	SES177	-2.84219	-55.2993	-52.4572
BLOCK04/SES046/SA046S13	SES101	-4.11995	-57.5817	-53.4618
BLOCK04/SES046/SA046S13	SES144	-1.09857	-54.5603	-53.4618
BLOCK04/SES046/SA046S13	SES147	-3.62245	-57.0842	-53.4618
BLOCK04/SES046/SA046S13	SES177	-1.63591	-55.0977	-53.4618
BLOCK04/SES046/SA046S15	SES048	-2.70982	-54.6813	-51.9715
BLOCK04/SES046/SA046S15	SES083	-1.34319	-53.3146	-51.9715
BLOCK04/SES046/SA046S15	SES120	-3.26335	-55.2348	-51.9715
BLOCK04/SES046/SA046S15	SES148	-1.71136	-53.6828	-51.9715
BLOCK04/SES046/SA046S22	SES101	-1.63017	-54.746	-53.1158
BLOCK04/SES046/SA046S22	SES144	-1.33232	-54.4481	-53.1158
BLOCK04/SES046/SA046S22	SES147	-3.11993	-56.2357	-53.1158
BLOCK04/SES046/SA046S22	SES172	-1.77608	-54.8919	-53.1158
BLOCK04/SES046/SA046S25	SES083	-1.86328	-54.7164	-52.8531
BLOCK04/SES046/SA046S25	SES127	-1.78428	-54.6374	-52.8531
BLOCK04/SES046/SA046S25	SES144	-1.9207	-54.7738	-52.8531
BLOCK04/SES046/SA046S25	SES148	-1.25323	-54.1063	-52.8531
BLOCK04/SES046/SA046S28	SES007	-4.89054	-58.317	-53.4264
BLOCK04/SES046/SA046S28	SES105	-2.76874	-56.1951	-53.4264
BLOCK04/SES046/SA046S28	SES147	-2.65531	-56.0817	-53.4264
BLOCK04/SES046/SA046S28	SES148	-1.67611	-55.1025	-53.4264
BLOCK04/SES049/SA049S16	SES104	-1.57568	-54.9452	-53.3695
BLOCK04/SES049/SA049S16	SES106	-1.27154	-54.641	-53.3695
BLOCK04/SES049/SA049S16	SES120	-3.88424	-57.2537	-53.3695
BLOCK04/SES049/SA049S16	SES206	-1.23773	-54.6072	-53.3695
BLOCK04/SES049/SA049S18	SES099	0.436523	-53.8577	-54.2942
BLOCK04/SES049/SA049S18	SES104	-2.50546	-56.7997	-54.2942
BLOCK04/SES049/SA049S18	SES125	-2.38063	-56.6748	-54.2942
BLOCK04/SES049/SA049S18	SES206	-1.62185	-55.9161	-54.2942
BLOCK04/SES049/SA049S25	SES087	-1.15424	-54.2575	-53.1032
BLOCK04/SES049/SA049S25	SES104	-1.16626	-54.2695	-53.1032
BLOCK04/SES049/SA049S25	SES125	-1.59135	-54.6946	-53.1032
BLOCK04/SES049/SA049S25	SES206	-0.263729	-53.367	-53.1032
BLOCK04/SES049/SA049S27	SES099	-0.266769	-53.0728	-52.806
BLOCK04/SES049/SA049S27	SES104	-0.35313	-53.1591	-52.806
BLOCK04/SES049/SA049S27	SES125	-1.48431	-54.2903	-52.806
BLOCK04/SES049/SA049S27	SES206	-1.06229	-53.8683	-52.806
BLOCK04/SES049/SA049S29	SES099	0.236282	-51.705	-51.9412
BLOCK04/SES049/SA049S29	SES104	-0.0363693	-51.9776	-51.9412
BLOCK04/SES049/SA049S29	SES125	-0.924908	-52.8661	-51.9412
BLOCK04/SES049/SA049S29	SES206	-0.297413	-52.2386	-51.9412
BLOCK06/SES063/SA063S09	SES068	-1.95225	-54.3632	-52.411
BLOCK06/SES063/SA063S09	SES083	-1.30086	-53.7118	-52.411
BLOCK06/SES063/SA063S09	SES177	-1.83008	-54.241	-52.411
BLOCK06/SES063/SA063S09	SES187	-1.91265	-54.3236	-52.411
BLOCK06/SES063/SA063S10	SES068	-2.51875	-55.6618	-53.1431
BLOCK06/SES063/SA063S10	SES083	-1.10759	-54.2507	-53.1431
BLOCK06/SES063/SA063S10	SES172	-0.952934	-54.096	-53.1431
BLOCK06/SES063/SA063S10	SES187	-1.53061	-54.6737	-53.1431
BLOCK06/SES063/SA063S20	SES068	-4.06698	-57.0111	-52.9441
BLOCK06/SES063/SA063S20	SES083	-2.09101	-55.0351	-52.9441
BLOCK06/SES063/SA063S20	SES172	-1.96884	-54.913	-52.9441
BLOCK06/SES063/SA063S20	SES187	-0.880245	-53.8244	-52.9441
BLOCK06/SES063/SA063S24	SES029	-3.17886	-55.1078	-51.9289
BLOCK06/SES063/SA063S24	SES083	-0.583168	-52.5121	-51.9289
BLOCK06/SES063/SA063S24	SES177	-1.51142	-53.4403	-51.9289
BLOCK06/SES063/SA063S24	SES189	-1.59683	-53.5257	-51.9289
BLOCK06/SES063/SA063S27	SES083	-0.551403	-54.0835	-53.5321
BLOCK06/SES063/SA063S27	SES172	-1.32334	-54.8555	-53.5321
BLOCK06/SES063/SA063S27	SES187	-2.04677	-55.5789	-53.5321
BLOCK06/SES063/SA063S27	SES292	-2.24666	-55.7788	-53.5321
BLOCK06/SES067/SA067S12	SES083	-2.78306	-55.2874	-52.5043
BLOCK06/SES067/SA067S12	SES172	-3.53417	-56.0385	-52.5043
BLOCK06/SES067/SA067S12	SES202	-0.253307	-52.7577	-52.5043
BLOCK06/SES067/SA067S12	SES292	-2.589	-55.0933	-52.5043
BLOCK06/SES067/SA067S14	SES085	-1.82127	-53.775	-51.9538
BLOCK06/SES067/SA067S14	SES177	-2.02337	-53.9771	-51.9538
BLOCK06/SES067/SA067S14	SES183	-2.5233	-54.4771	-51.9538
BLOCK06/SES067/SA067S14	SES202	-0.81144	-52.7652	-51.9538
BLOCK06/SES067/SA067S21	SES144	-1.15363	-54.7298	-53.5762
BLOCK06/SES067/SA067S21	SES177	-1.25005	-54.8262	-53.5762
BLOCK06/SES067/SA067S21	SES183	-3.95024	-57.5264	-53.5762
BLOCK06/SES067/SA067S21	SES189	-0.153221	-53.7294	-53.5762
BLOCK06/SES067/SA067S25	SES085	-1.03006	-53.6558	-52.6258
BLOCK06/SES067/SA067S25	SES177	-1.39225	-54.018	-52.6258
BLOCK06/SES067/SA067S25	SES183	-2.73681	-55.3626	-52.6258
BLOCK06/SES067/SA067S25	SES202	-0.714436	-53.3402	-52.6258
BLOCK06/SES067/SA067S29	SES085	-1.06824	-53.8667	-52.7984
BLOCK06/SES067/SA067S29	SES177	-1.56684	-54.3653	-52.7984
BLOCK06/SES067/SA067S29	SES183	-2.56787	-55.3663	-52.7984
BLOCK06/SES067/SA067S29	SES202	0.194004	-52.6044	-52.7984
BLOCK06/SES069/SA069S12	SES029	-2.56448	-54.6317	-52.0673
BLOCK06/SES069/SA069S12	SES082	-0.781971	-52.8492	-52.0673
BLOCK06/SES069/SA069S12	SES087	-2.32267	-54.3899	-52.0673
BLOCK06/SES069/SA069S12	SES206	-1.90495	-53.9722	-52.0673
BLOCK06/SES069/SA069S13	SES029	-2.36646	-54.6092	-52.2427
BLOCK06/SES069/SA069S13	SES087	-2.09665	-54.3394	-52.2427
BLOCK06/SES069/SA069S13	SES206	-2.12061	-54.3633	-52.2427
BLOCK06/SES069/SA069S13	SES226	-1.42112	-53.6638	-52.2427
BLOCK06/SES069/SA069S23	SES029	-0.960564	-51.6217	-50.6611
BLOCK06/SES069/SA069S23	SES087	-2.84267	-53.5038	-50.6611
BLOCK06/SES069/SA069S23	SES206	-2.29312	-52.9542	-50.6611
BLOCK06/SES069/SA069S23	SES226	-1.27424	-51.9353	-50.6611
BLOCK06/SES069/SA069S25	SES087	-1.77198	-52.9452	-51.1732
BLOCK06/SES069/SA069S25	SES206	-2.42657	-53.5998	-51.1732
BLOCK06/SES069/SA069S25	SES226	-1.46712	-52.6403	-51.1732
BLOCK06/SES069/SA069S25	SES270	-1.21831	-52.3915	-51.1732
BLOCK06/SES069/SA069S27	SES087	-2.30951	-53.5318	-51.2223
BLOCK06/SES069/SA069S27	SES206	-1.43232	-52.6547	-51.2223
BLOCK06/SES069/SA069S27	SES226	-0.462734	-51.6851	-51.2223
BLOCK06/SES069/SA069S27	SES270	-0.997845	-52.2202	-51.2223
BLOCK08/SES081/SA081S11	SES060	-1.57136	-53.9269	-52.3555
BLOCK08/SES081/SA081S11	SES062	-4.0044	-56.3599	-52.3555
BLOCK08/SES081/SA081S11	SES117	-2.492	-54.8475	-52.3555
BLOCK08/SES081/SA081S11	SES162	-2.21164	-54.5672	-52.3555
BLOCK08/SES081/SA081S13	SES016	-1.06947	-52.5066	-51.4371
BLOCK08/SES081/SA081S13	SES060	-0.871593	-52.3087	-51.4371
BLOCK08/SES081/SA081S13	SES068	-0.358192	-51.7953	-51.4371
BLOCK08/SES081/SA081S13	SES129	-2.02929	-53.4664	-51.4371
BLOCK08/SES081/SA081S24	SES060	-1.1632	-53.1684	-52.0052
BLOCK08/SES081/SA081S24	SES068	-1.4758	-53.481	-52.0052
BLOCK08/SES081/SA081S24	SES117	-2.11519	-54.1203	-52.0052
BLOCK08/SES081/SA081S24	SES275	-2.29665	-54.3018	-52.0052
BLOCK08/SES081/SA081S27	SES007	-2.35484	-54.5212	-52.1664
BLOCK08/SES081/SA081S27	SES060	-2.65453	-54.8209	-52.1664
BLOCK08/SES081/SA081S27	SES117	-1.35274	-53.5191	-52.1664
BLOCK08/SES081/SA081S27	SES275	-2.13595	-54.3023	-52.1664
BLOCK08/SES081/SA081S29	SES007	-1.87289	-53.395	-51.5221
BLOCK08/SES081/SA081S29	SES060	-1.62815	-53.1502	-51.5221
BLOCK08/SES081/SA081S29	SES117	-2.10386	-53.6259	-51.5221
BLOCK08/SES081/SA081S29	SES275	-2.24704	-53.7691	-51.5221
BLOCK08/SES086/SA086S11	SES029	-4.7422	-58.5895	-53.8473
BLOCK08/SES086/SA086S11	SES082	-1.70346	-55.5508	-53.8473
BLOCK08/SES086/SA086S11	SES087	-0.971813	-54.8191	-53.8473
BLOCK08/SES086/SA086S11	SES206	-1.80099	-55.6483	-53.8473
BLOCK08/SES086/SA086S12	SES029	-4.16965	-57.4598	-53.2901
BLOCK08/SES086/SA086S12	SES082	-1.9298	-55.22	-53.2901
BLOCK08/SES086/SA086S12	SES087	0.384949	-52.9052	-53.2901
BLOCK08/SES086/SA086S12	SES206	-0.692207	-53.9824	-53.2901
BLOCK08/SES086/SA086S20	SES029	-3.9504	-55.7815	-51.8311
BLOCK08/SES086/SA086S20	SES082	-1.83325	-53.6644	-51.8311
BLOCK08/SES086/SA086S20	SES087	0.573841	-51.2573	-51.8311
BLOCK08/SES086/SA086S20	SES206	-0.29488	-52.126	-51.8311
BLOCK08/SES086/SA086S24	SES087	-0.0317688	-52.8652	-52.8334
BLOCK08/SES086/SA086S24	SES104	-1.62041	-54.4538	-52.8334
BLOCK08/SES086/SA086S24	SES120	-4.78008	-57.6135	-52.8334
BLOCK08/SES086/SA086S24	SES206	-0.28466	-53.1181	-52.8334
BLOCK08/SES086/SA086S28	SES029	-2.96515	-54.8427	-51.8775
BLOCK08/SES086/SA086S28	SES082	-1.37089	-53.2484	-51.8775
BLOCK08/SES086/SA086S28	SES087	0.0329666	-51.8446	-51.8775
BLOCK08/SES086/SA086S28	SES206	-0.750011	-52.6275	-51.8775
BLOCK08/SES089/SA089S13	SES087	-2.53542	-55.0995	-52.5641
BLOCK08/SES089/SA089S13	SES206	-2.32568	-54.8898	-52.5641
BLOCK08/SES089/SA089S13	SES226	-1.78348	-54.3476	-52.5641
BLOCK08/SES089/SA089S13	SES270	-2.67817	-55.2423	-52.5641
BLOCK08/SES089/SA089S14	SES062	-1.99366	-54.4129	-52.4192
BLOCK08/SES089/SA089S14	SES087	-0.874729	-53.2939	-52.4192
BLOCK08/SES089/SA089S14	SES206	-1.20872	-53.6279	-52.4192
BLOCK08/SES089/SA089S14	SES226	-0.899204	-53.3184	-52.4192
BLOCK08/SES089/SA089S23	SES087	-2.13574	-55.5793	-53.4436
BLOCK08/SES089/SA089S23	SES206	-2.04099	-55.4845	-53.4436
BLOCK08/SES089/SA089S23	SES226	-1.93657	-55.3801	-53.4436
BLOCK08/SES089/SA089S23	SES270	-2.40371	-55.8473	-53.4436
BLOCK08/SES089/SA089S25	SES062	-2.32713	-54.7795	-52.4524
BLOCK08/SES089/SA089S25	SES087	-0.991398	-53.4438	-52.4524
BLOCK08/SES089/SA089S25	SES206	-1.5127	-53.9651	-52.4524
BLOCK08/SES089/SA089S25	SES226	-0.922306	-53.3747	-52.4524
BLOCK08/SES089/SA089S28	SES062	-2.01769	-54.5006	-52.4829
BLOCK08/SES089/SA089S28	SES087	-0.969669	-53.4525	-52.4829
BLOCK08/SES089/SA089S28	SES206	-0.606163	-53.089	-52.4829
BLOCK08/SES089/SA089S28	SES226	-0.668533	-53.1514	-52.4829
BLOCK09/SES097/SA097S11	SES099	0.0371895	-53.0974	-53.1346
BLOCK09/SES097/SA097S11	SES125	-2.06902	-55.2036	-53.1346
BLOCK09/SES097/SA097S11	SES206	-1.36571	-54.5003	-53.1346
BLOCK09/SES097/SA097S11	SES226	-0.485222	-53.6198	-53.1346
BLOCK09/SES097/SA097S14	SES062	-3.37489	-56.0528	-52.6779
BLOCK09/SES097/SA097S14	SES099	-0.66127	-53.3392	-52.6779
BLOCK09/SES097/SA097S14	SES104	-1.21344	-53.8913	-52.6779
BLOCK09/SES097/SA097S14	SES206	-1.53679	-54.2147	-52.6779
BLOCK09/SES097/SA097S22	SES099	0.389481	-52.3442	-52.7336
BLOCK09/SES097/SA097S22	SES206	-1.36278	-54.0964	-52.7336
BLOCK09/SES097/SA097S22	SES226	-1.55693	-54.2906	-52.7336
BLOCK09/SES097/SA097S22	SES270	0.270939	-52.4627	-52.7336
BLOCK09/SES097/SA097S26	SES099	0.14978	-52.0122	-52.162
BLOCK09/SES097/SA097S26	SES120	-3.55059	-55.7126	-52.162
BLOCK09/SES097/SA097S26	SES206	-1.12522	-53.2872	-52.162
BLOCK09/SES097/SA097S26	SES226	-1.58372	-53.7457	-52.162
BLOCK09/SES097/SA097S28	SES099	-0.823658	-53.5289	-52.7053
BLOCK09/SES097/SA097S28	SES120	-2.87596	-55.5812	-52.7053
BLOCK09/SES097/SA097S28	SES206	-1.8056	-54.5109	-52.7053
BLOCK09/SES097/SA097S28	SES226	-2.16219	-54.8675	-52.7053
BLOCK09/SES098/SA098S11	SES127	-3.41411	-57.1655	-53.7513
BLOCK09/SES098/SA098S11	SES144	-1.84396	-55.5953	-53.7513
BLOCK09/SES098/SA098S11	SES147	-1.44827	-55.1996	-53.7513
BLOCK09/SES098/SA098S11	SES148	-3.37656	-57.1279	-53.7513
BLOCK09/SES098/SA098S12	SES127	-4.97993	-60.1403	-55.1604
BLOCK09/SES098/SA098S12	SES144	-2.10479	-57.2651	-55.1604
BLOCK09/SES098/SA098S12	SES147	-1.93416	-57.0945	-55.1604
BLOCK09/SES098/SA098S12	SES189	-1.51694	-56.6773	-55.1604
BLOCK09/SES098/SA098S20	SES127	-3.73427	-58.1469	-54.4126
BLOCK09/SES098/SA098S20	SES147	-1.68314	-56.0958	-54.4126
BLOCK09/SES098/SA098S20	SES148	-3.48114	-57.8937	-54.4126
BLOCK09/SES098/SA098S20	SES292	-3.75347	-58.1661	-54.4126
BLOCK09/SES098/SA098S23	SES127	-2.53549	-55.7738	-53.2383
BLOCK09/SES098/SA098S23	SES147	-1.56057	-54.7989	-53.2383
BLOCK09/SES098/SA098S23	SES187	-1.69633	-54.9347	-53.2383
BLOCK09/SES098/SA098S23	SES292	-2.5551	-55.7934	-53.2383
BLOCK09/SES098/SA098S27	SES127	-3.37514	-57.0905	-53.7154
BLOCK09/SES098/SA098S27	SES147	-2.4272	-56.1426	-53.7154
BLOCK09/SES098/SA098S27	SES148	-4.29601	-58.0114	-53.7154
BLOCK09/SES098/SA098S27	SES292	-3.56044	-57.2758	-53.7154
BLOCK10/SES102/SA102S13	SES101	-0.948586	-54.8225	-53.8739
BLOCK10/SES102/SA102S13	SES105	-2.5382	-56.4121	-53.8739
BLOCK10/SES102/SA102S13	SES120	-1.67069	-55.5446	-53.8739
BLOCK10/SES102/SA102S13	SES158	-6.56478	-60.4387	-53.8739
BLOCK10/SES102/SA102S14	SES007	-0.543873	-52.4974	-51.9535
BLOCK10/SES102/SA102S14	SES101	-0.65815	-52.6116	-51.9535
BLOCK10/SES102/SA102S14	SES105	-0.887371	-52.8409	-51.9535
BLOCK10/SES102/SA102S14	SES147	-3.68821	-55.6417	-51.9535
BLOCK10/SES102/SA102S22	SES007	-1.34132	-53.5383	-52.197
BLOCK10/SES102/SA102S22	SES101	-0.117718	-52.3147	-52.197
BLOCK10/SES102/SA102S22	SES105	-0.518646	-52.7156	-52.197
BLOCK10/SES102/SA102S22	SES158	-4.00197	-56.199	-52.197
BLOCK10/SES102/SA102S25	SES007	-1.00641	-53.3047	-52.2983
BLOCK10/SES102/SA102S25	SES101	-0.328152	-52.6264	-52.2983
BLOCK10/SES102/SA102S25	SES105	-1.09972	-53.398	-52.2983
BLOCK10/SES102/SA102S25	SES147	-3.88333	-56.1816	-52.2983
BLOCK10/SES102/SA102S27	SES007	-1.60588	-54.2525	-52.6466
BLOCK10/SES102/SA102S27	SES101	-0.957382	-53.604	-52.6466
BLOCK10/SES102/SA102S27	SES105	-1.20684	-53.8535	-52.6466
BLOCK10/SES102/SA102S27	SES147	-3.29837	-55.945	-52.6466
BLOCK10/SES103/SA103S14	SES105	-2.80534	-56.8129	-54.0075
BLOCK10/SES103/SA103S14	SES106	-1.2543	-55.2618	-54.0075
BLOCK10/SES103/SA103S14	SES120	-4.08472	-58.0923	-54.0075
BLOCK10/SES103/SA103S14	SES206	-1.69437	-55.7019	-54.0075
BLOCK10/SES103/SA103S15	SES099	-0.517078	-55.1302	-54.6131
BLOCK10/SES103/SA103S15	SES101	-3.46051	-58.0736	-54.6131
BLOCK10/SES103/SA103S15	SES104	-1.35836	-55.9714	-54.6131
BLOCK10/SES103/SA103S15	SES125	-1.39184	-56.0049	-54.6131
BLOCK10/SES103/SA103S24	SES104	-2.16953	-55.252	-53.0825
BLOCK10/SES103/SA103S24	SES125	-1.71201	-54.7945	-53.0825
BLOCK10/SES103/SA103S24	SES148	-2.72281	-55.8053	-53.0825
BLOCK10/SES103/SA103S24	SES158	-0.855656	-53.9382	-53.0825
BLOCK10/SES103/SA103S26	SES104	-1.85264	-55.9751	-54.1225
BLOCK10/SES103/SA103S26	SES106	-1.09046	-55.2129	-54.1225
BLOCK10/SES103/SA103S26	SES125	-1.89709	-56.0196	-54.1225
BLOCK10/SES103/SA103S26	SES148	-2.71805	-56.8405	-54.1225
BLOCK10/SES103/SA103S28	SES104	-3.07888	-57.9658	-54.8869
BLOCK10/SES103/SA103S28	SES106	-2.39552	-57.2825	-54.8869
BLOCK10/SES103/SA103S28	SES125	-3.27135	-58.1583	-54.8869
BLOCK10/SES103/SA103S28	SES206	-3.98026	-58.8672	-54.8869
BLOCK12/SES121/SA121S12	SES042	-2.58987	-57.3796	-54.7898
BLOCK12/SES121/SA121S12	SES087	-1.76518	-56.5549	-54.7898
BLOCK12/SES121/SA121S12	SES105	-1.82032	-56.6101	-54.7898
BLOCK12/SES121/SA121S12	SES206	-1.6609	-56.4507	-54.7898
BLOCK12/SES121/SA121S14	SES007	-3.50427	-58.9553	-55.451
BLOCK12/SES121/SA121S14	SES105	-3.08715	-58.5381	-55.451
BLOCK12/SES121/SA121S14	SES106	-1.59276	-57.0438	-55.451
BLOCK12/SES121/SA121S14	SES206	-2.00455	-57.4555	-55.451
BLOCK12/SES121/SA121S23	SES105	-2.92931	-58.3411	-55.4118
BLOCK12/SES121/SA121S23	SES106	-1.16274	-56.5745	-55.4118
BLOCK12/SES121/SA121S23	SES120	-4.28064	-59.6924	-55.4118
BLOCK12/SES121/SA121S23	SES206	-1.70049	-57.1123	-55.4118
BLOCK12/SES121/SA121S25	SES007	-2.68559	-58.8362	-56.1506
BLOCK12/SES121/SA121S25	SES105	-3.71304	-59.8636	-56.1506
BLOCK12/SES121/SA121S25	SES106	-1.3815	-57.5321	-56.1506
BLOCK12/SES121/SA121S25	SES206	-2.16113	-58.3117	-56.1506
BLOCK12/SES121/SA121S27	SES087	-0.515686	-54.8328	-54.3171
BLOCK12/SES121/SA121S27	SES105	-4.60686	-58.924	-54.3171
BLOCK12/SES121/SA121S27	SES120	-4.03397	-58.3511	-54.3171
BLOCK12/SES121/SA121S27	SES206	-1.61927	-55.9364	-54.3171
BLOCK12/SES124/SA124S16	SES042	-0.951214	-53.9564	-53.0052
BLOCK12/SES124/SA124S16	SES082	-1.17313	-54.1783	-53.0052
BLOCK12/SES124/SA124S16	SES183	-3.66656	-56.6717	-53.0052
BLOCK12/SES124/SA124S16	SES206	-1.22452	-54.2297	-53.0052
BLOCK12/SES124/SA124S17	SES105	-3.28563	-57.1028	-53.8172
BLOCK12/SES124/SA124S17	SES149	-2.07883	-55.896	-53.8172
BLOCK12/SES124/SA124S17	SES158	-2.674	-56.4912	-53.8172
BLOCK12/SES124/SA124S17	SES275	-4.82643	-58.6436	-53.8172
BLOCK12/SES124/SA124S23	SES105	-3.06881	-54.2498	-51.181
BLOCK12/SES124/SA124S23	SES125	-0.0765762	-51.2576	-51.181
BLOCK12/SES124/SA124S23	SES129	-3.63569	-54.8167	-51.181
BLOCK12/SES124/SA124S23	SES158	-0.539665	-51.7206	-51.181
BLOCK12/SES124/SA124S26	SES105	-4.26967	-56.3691	-52.0994
BLOCK12/SES124/SA124S26	SES125	-0.365765	-52.4652	-52.0994
BLOCK12/SES124/SA124S26	SES129	-4.94168	-57.0411	-52.0994
BLOCK12/SES124/SA124S26	SES158	-1.11818	-53.2176	-52.0994
BLOCK12/SES124/SA124S28	SES104	-0.596561	-52.7298	-52.1332
BLOCK12/SES124/SA124S28	SES106	-0.685284	-52.8185	-52.1332
BLOCK12/SES124/SA124S28	SES125	-0.199978	-52.3332	-52.1332
BLOCK12/SES124/SA124S28	SES275	-4.49634	-56.6296	-52.1332
BLOCK12/SES126/SA126S13	SES007	-3.45434	-57.9281	-54.4738
BLOCK12/SES126/SA126S13	SES162	-2.46593	-56.9397	-54.4738
BLOCK12/SES126/SA126S13	SES177	-1.8388	-56.3126	-54.4738
BLOCK12/SES126/SA126S13	SES180	-2.02274	-56.4965	-54.4738
BLOCK12/SES126/SA126S14	SES144	-1.50618	-54.3031	-52.7969
BLOCK12/SES126/SA126S14	SES148	-2.1598	-54.9567	-52.7969
BLOCK12/SES126/SA126S14	SES177	-0.86747	-53.6644	-52.7969
BLOCK12/SES126/SA126S14	SES180	-1.39637	-54.1933	-52.7969
BLOCK12/SES126/SA126S20	SES007	-3.14274	-56.1188	-52.976
BLOCK12/SES126/SA126S20	SES162	-2.42376	-55.3998	-52.976
BLOCK12/SES126/SA126S20	SES172	-4.10848	-57.0845	-52.976
BLOCK12/SES126/SA126S20	SES180	-3.2248	-56.2008	-52.976
BLOCK12/SES126/SA126S24	SES120	-1.31067	-54.0329	-52.7222
BLOCK12/SES126/SA126S24	SES162	-1.80944	-54.5317	-52.7222
BLOCK12/SES126/SA126S24	SES177	-1.316	-54.0382	-52.7222
BLOCK12/SES126/SA126S24	SES180	-1.10809	-53.8303	-52.7222
BLOCK12/SES126/SA126S26	SES120	-1.40174	-55.1895	-53.7877
BLOCK12/SES126/SA126S26	SES177	-0.84024	-54.628	-53.7877
BLOCK12/SES126/SA126S26	SES180	-1.41381	-55.2015	-53.7877
BLOCK12/SES126/SA126S26	SES202	-3.02282	-56.8105	-53.7877
BLOCK12/SES128/SA128S10	SES087	-2.5523	-55.1308	-52.5785
BLOCK12/SES128/SA128S10	SES206	-1.64927	-54.2278	-52.5785
BLOCK12/SES128/SA128S10	SES226	-1.01759	-53.5961	-52.5785
BLOCK12/SES128/SA128S10	SES270	-0.79446	-53.373	-52.5785
BLOCK12/SES128/SA128S12	SES120	-3.11443	-55.6661	-52.5516
BLOCK12/SES128/SA128S12	SES158	-1.98786	-54.5395	-52.5516
BLOCK12/SES128/SA128S12	SES206	-1.50779	-54.0594	-52.5516
BLOCK12/SES128/SA128S12	SES226	-1.55726	-54.1089	-52.5516
BLOCK12/SES128/SA128S21	SES106	-3.45864	-56.9457	-53.487
BLOCK12/SES128/SA128S21	SES120	-2.73386	-56.2209	-53.487
BLOCK12/SES128/SA128S21	SES206	-3.20377	-56.6908	-53.487
BLOCK12/SES128/SA128S21	SES226	-2.68791	-56.1749	-53.487
BLOCK12/SES128/SA128S24	SES087	-3.19608	-56.636	-53.4399
BLOCK12/SES128/SA128S24	SES120	-1.50646	-54.9464	-53.4399
BLOCK12/SES128/SA128S24	SES206	-3.19739	-56.6373	-53.4399
BLOCK12/SES128/SA128S24	SES226	-2.35682	-55.7968	-53.4399
BLOCK12/SES128/SA128S27	SES099	-1.12025	-53.3859	-52.2656
BLOCK12/SES128/SA128S27	SES120	-1.87613	-54.1417	-52.2656
BLOCK12/SES128/SA128S27	SES206	-1.99852	-54.2641	-52.2656
BLOCK12/SES128/SA128S27	SES226	-1.44008	-53.7057	-52.2656
BLOCK13/SES130/SA130S13	SES143	-1.98507	-56.5595	-54.5744
BLOCK13/SES130/SA130S13	SES144	-0.517509	-55.0919	-54.5744
BLOCK13/SES130/SA130S13	SES146	-1.22363	-55.7981	-54.5744
BLOCK13/SES130/SA130S13	SES275	-3.47172	-58.0461	-54.5744
BLOCK13/SES130/SA130S15	SES143	-2.12712	-55.0082	-52.8811
BLOCK13/SES130/SA130S15	SES144	-0.726368	-53.6074	-52.8811
BLOCK13/SES130/SA130S15	SES146	-1.14209	-54.0232	-52.8811
BLOCK13/SES130/SA130S15	SES275	-1.87801	-54.7591	-52.8811
BLOCK13/SES130/SA130S23	SES127	-3.16084	-57.8192	-54.6584
BLOCK13/SES130/SA130S23	SES144	-1.4407	-56.0991	-54.6584
BLOCK13/SES130/SA130S23	SES146	-0.899323	-55.5577	-54.6584
BLOCK13/SES130/SA130S23	SES162	-1.30457	-55.9629	-54.6584
BLOCK13/SES130/SA130S25	SES127	-2.02794	-54.517	-52.4891
BLOCK13/SES130/SA130S25	SES144	-0.723881	-53.2129	-52.4891
BLOCK13/SES130/SA130S25	SES146	-1.13206	-53.6211	-52.4891
BLOCK13/SES130/SA130S25	SES275	-1.235	-53.7241	-52.4891
BLOCK13/SES130/SA130S28	SES127	-1.70013	-54.5808	-52.8807
BLOCK13/SES130/SA130S28	SES144	-1.01815	-53.8988	-52.8807
BLOCK13/SES130/SA130S28	SES146	-1.21932	-54.1	-52.8807
BLOCK13/SES130/SA130S28	SES275	-0.563393	-53.4441	-52.8807
BLOCK13/SES131/SA131S13	SES002	-2.98654	-58.0723	-55.0858
BLOCK13/SES131/SA131S13	SES007	-4.69266	-59.7785	-55.0858
BLOCK13/SES131/SA131S13	SES099	-1.8712	-56.957	-55.0858
BLOCK13/SES131/SA131S13	SES105	-2.84016	-57.926	-55.0858
BLOCK13/SES131/SA131S14	SES104	-1.24826	-54.3597	-53.1115
BLOCK13/SES131/SA131S14	SES106	-0.893421	-54.0049	-53.1115
BLOCK13/SES131/SA131S14	SES125	-1.58177	-54.6932	-53.1115
BLOCK13/SES131/SA131S14	SES148	-2.06282	-55.1743	-53.1115
BLOCK13/SES131/SA131S20	SES104	-2.07571	-56.4443	-54.3686
BLOCK13/SES131/SA131S20	SES106	-1.07349	-55.4421	-54.3686
BLOCK13/SES131/SA131S20	SES125	-1.88487	-56.2534	-54.3686
BLOCK13/SES131/SA131S20	SES148	-2.92788	-57.2964	-54.3686
BLOCK13/SES131/SA131S22	SES099	-0.959347	-54.5994	-53.6401
BLOCK13/SES131/SA131S22	SES104	-1.85842	-55.4985	-53.6401
BLOCK13/SES131/SA131S22	SES125	-1.82022	-55.4603	-53.6401
BLOCK13/SES131/SA131S22	SES206	-2.00252	-55.6426	-53.6401
BLOCK13/SES131/SA131S29	SES087	-1.10569	-55.4299	-54.3242
BLOCK13/SES131/SA131S29	SES104	-2.41466	-56.7389	-54.3242
BLOCK13/SES131/SA131S29	SES125	-1.80807	-56.1323	-54.3242
BLOCK13/SES131/SA131S29	SES206	-1.81299	-56.1372	-54.3242
BLOCK13/SES132/SA132S11	SES083	-2.29994	-54.6013	-52.3014
BLOCK13/SES132/SA132S11	SES120	-0.36541	-52.6668	-52.3014
BLOCK13/SES132/SA132S11	SES127	-1.29912	-53.6005	-52.3014
BLOCK13/SES132/SA132S11	SES275	-1.00631	-53.3077	-52.3014
BLOCK13/SES132/SA132S12	SES083	-2.23921	-54.4135	-52.1743
BLOCK13/SES132/SA132S12	SES143	-1.24468	-53.419	-52.1743
BLOCK13/SES132/SA132S12	SES144	-1.34332	-53.5177	-52.1743
BLOCK13/SES132/SA132S12	SES148	-1.91249	-54.0868	-52.1743
BLOCK13/SES132/SA132S22	SES062	-1.09242	-53.1466	-52.0542
BLOCK13/SES132/SA132S22	SES083	-1.22662	-53.2808	-52.0542
BLOCK13/SES132/SA132S22	SES127	-1.32941	-53.3836	-52.0542
BLOCK13/SES132/SA132S22	SES275	-1.01894	-53.0731	-52.0542
BLOCK13/SES132/SA132S24	SES007	-1.02147	-53.085	-52.0636
BLOCK13/SES132/SA132S24	SES083	-2.5415	-54.6051	-52.0636
BLOCK13/SES132/SA132S24	SES127	-1.44699	-53.5105	-52.0636
BLOCK13/SES132/SA132S24	SES275	-1.56569	-53.6292	-52.0636
BLOCK13/SES132/SA132S27	SES083	-2.72187	-55.4292	-52.7073
BLOCK13/SES132/SA132S27	SES120	-0.722996	-53.4303	-52.7073
BLOCK13/SES132/SA132S27	SES127	-2.08895	-54.7963	-52.7073
BLOCK13/SES132/SA132S27	SES275	-2.13222	-54.8396	-52.7073
BLOCK14/SES141/SA141S09	SES143	-1.02022	-54.151	-53.1307
BLOCK14/SES141/SA141S09	SES144	-0.931328	-54.0621	-53.1307
BLOCK14/SES141/SA141S09	SES162	-1.03826	-54.169	-53.1307
BLOCK14/SES141/SA141S09	SES180	-1.2747	-54.4054	-53.1307
BLOCK14/SES141/SA141S15	SES127	-1.62147	-54.347	-52.7256
BLOCK14/SES141/SA141S15	SES144	-1.53049	-54.2561	-52.7256
BLOCK14/SES141/SA141S15	SES162	-1.51438	-54.24	-52.7256
BLOCK14/SES141/SA141S15	SES180	-1.1587	-53.8843	-52.7256
BLOCK14/SES141/SA141S24	SES127	-1.07418	-53.6578	-52.5836
BLOCK14/SES141/SA141S24	SES144	-1.85338	-54.437	-52.5836
BLOCK14/SES141/SA141S24	SES162	-0.668476	-53.2521	-52.5836
BLOCK14/SES141/SA141S24	SES183	-3.11765	-55.7013	-52.5836
BLOCK14/SES141/SA141S26	SES142	-2.29864	-55.6851	-53.3864
BLOCK14/SES141/SA141S26	SES144	-1.76856	-55.155	-53.3864
BLOCK14/SES141/SA141S26	SES172	-2.08475	-55.4712	-53.3864
BLOCK14/SES141/SA141S26	SES180	-1.1997	-54.5861	-53.3864
BLOCK14/SES141/SA141S29	SES127	-0.667614	-53.1116	-52.4439
BLOCK14/SES141/SA141S29	SES142	-0.526829	-52.9708	-52.4439
BLOCK14/SES141/SA141S29	SES144	-1.27784	-53.7218	-52.4439
BLOCK14/SES141/SA141S29	SES180	-0.710831	-53.1548	-52.4439
BLOCK15/SES157/SA157S08	SES083	-2.9087	-56.1314	-53.2227
BLOCK15/SES157/SA157S08	SES127	-2.64991	-55.8726	-53.2227
BLOCK15/SES157/SA157S08	SES148	-1.68698	-54.9097	-53.2227
BLOCK15/SES157/SA157S08	SES292	-2.59634	-55.8191	-53.2227
BLOCK15/SES157/SA157S11	SES083	-3.36914	-56.0554	-52.6863
BLOCK15/SES157/SA157S11	SES127	-2.4253	-55.1116	-52.6863
BLOCK15/SES157/SA157S11	SES148	-1.55709	-54.2434	-52.6863
BLOCK15/SES157/SA157S11	SES292	-2.2178	-54.9041	-52.6863
BLOCK15/SES157/SA157S21	SES127	-1.9334	-54.6153	-52.6819
BLOCK15/SES157/SA157S21	SES148	-0.882145	-53.5641	-52.6819
BLOCK15/SES157/SA157S21	SES158	-5.92503	-58.6069	-52.6819
BLOCK15/SES157/SA157S21	SES292	-1.46449	-54.1464	-52.6819
BLOCK15/SES157/SA157S24	SES127	-2.12442	-54.7535	-52.629
BLOCK15/SES157/SA157S24	SES148	-1.6894	-54.3184	-52.629
BLOCK15/SES157/SA157S24	SES183	-2.15768	-54.7867	-52.629
BLOCK15/SES157/SA157S24	SES292	-2.45719	-55.0862	-52.629
BLOCK15/SES157/SA157S26	SES007	-0.930832	-53.4114	-52.4806
BLOCK15/SES157/SA157S26	SES127	-1.43252	-53.9131	-52.4806
BLOCK15/SES157/SA157S26	SES147	-4.53466	-57.0153	-52.4806
BLOCK15/SES157/SA157S26	SES148	-1.45433	-53.9349	-52.4806
BLOCK16/SES161/SA161S10	SES007	-2.78917	-57.2496	-54.4604
BLOCK16/SES161/SA161S10	SES105	-1.59238	-56.0528	-54.4604
BLOCK16/SES161/SA161S10	SES158	-2.7742	-57.2346	-54.4604
BLOCK16/SES161/SA161S10	SES275	-2.40918	-56.8696	-54.4604
BLOCK16/SES161/SA161S12	SES007	-2.0878	-56.065	-53.9772
BLOCK16/SES161/SA161S12	SES105	-2.0005	-55.9777	-53.9772
BLOCK16/SES161/SA161S12	SES158	-1.59203	-55.5692	-53.9772
BLOCK16/SES161/SA161S12	SES275	-1.92306	-55.9002	-53.9772
BLOCK16/SES161/SA161S20	SES007	-2.54548	-57.7383	-55.1928
BLOCK16/SES161/SA161S20	SES105	-2.5969	-57.7897	-55.1928
BLOCK16/SES161/SA161S20	SES158	-2.51094	-57.7037	-55.1928
BLOCK16/SES161/SA161S20	SES275	-3.17618	-58.369	-55.1928
BLOCK16/SES161/SA161S23	SES007	-2.78379	-56.3065	-53.5227
BLOCK16/SES161/SA161S23	SES105	-1.51564	-55.0384	-53.5227
BLOCK16/SES161/SA161S23	SES148	-2.05087	-55.5736	-53.5227
BLOCK16/SES161/SA161S23	SES158	-1.5019	-55.0246	-53.5227
BLOCK16/SES161/SA161S28	SES007	-3.42787	-57.16	-53.7321
BLOCK16/SES161/SA161S28	SES105	-2.66169	-56.3938	-53.7321
BLOCK16/SES161/SA161S28	SES158	-1.20325	-54.9354	-53.7321
BLOCK16/SES161/SA161S28	SES206	-2.53676	-56.2689	-53.7321
BLOCK16/SES164/SA164S11	SES104	-1.88897	-54.0348	-52.1459
BLOCK16/SES164/SA164S11	SES125	-0.891174	-53.037	-52.1459
BLOCK16/SES164/SA164S11	SES158	-0.114052	-52.2599	-52.1459
BLOCK16/SES164/SA164S11	SES206	-2.00042	-54.1463	-52.1459
BLOCK16/SES164/SA164S13	SES099	-0.901531	-54.2196	-53.3181
BLOCK16/SES164/SA164S13	SES104	-2.07326	-55.3913	-53.3181
BLOCK16/SES164/SA164S13	SES125	-2.31479	-55.6329	-53.3181
BLOCK16/SES164/SA164S13	SES206	-2.21088	-55.5289	-53.3181
BLOCK16/SES164/SA164S24	SES002	-0.620068	-53.2275	-52.6075
BLOCK16/SES164/SA164S24	SES099	-0.754978	-53.3624	-52.6075
BLOCK16/SES164/SA164S24	SES125	-2.33134	-54.9388	-52.6075
BLOCK16/SES164/SA164S24	SES226	-0.5751	-53.1826	-52.6075
BLOCK16/SES164/SA164S27	SES087	-2.26846	-55.1608	-52.8924
BLOCK16/SES164/SA164S27	SES125	-1.88384	-54.7762	-52.8924
BLOCK16/SES164/SA164S27	SES206	-2.07376	-54.9661	-52.8924
BLOCK16/SES164/SA164S27	SES226	-1.43626	-54.3286	-52.8924
BLOCK16/SES164/SA164S29	SES002	-0.246998	-52.9879	-52.7409
BLOCK16/SES164/SA164S29	SES019	-1.67991	-54.4208	-52.7409
BLOCK16/SES164/SA164S29	SES125	-1.65692	-54.3978	-52.7409
BLOCK16/SES164/SA164S29	SES226	-1.29782	-54.0387	-52.7409
BLOCK16/SES169/SA169S13	SES117	-1.66987	-54.5243	-52.8545
BLOCK16/SES169/SA169S13	SES144	-1.54501	-54.3995	-52.8545
BLOCK16/SES169/SA169S13	SES146	-1.8099	-54.6644	-52.8545
BLOCK16/SES169/SA169S13	SES162	-1.73549	-54.59	-52.8545
BLOCK16/SES169/SA169S14	SES144	-1.13076	-52.796	-51.6652
BLOCK16/SES169/SA169S14	SES148	-1.51972	-53.1849	-51.6652
BLOCK16/SES169/SA169S14	SES177	-1.23057	-52.8958	-51.6652
BLOCK16/SES169/SA169S14	SES180	-2.57982	-54.245	-51.6652
BLOCK16/SES169/SA169S24	SES117	-1.33955	-54.9771	-53.6375
BLOCK16/SES169/SA169S24	SES144	-0.969128	-54.6066	-53.6375
BLOCK16/SES169/SA169S24	SES146	-1.48306	-55.1206	-53.6375
BLOCK16/SES169/SA169S24	SES162	-1.56636	-55.2039	-53.6375
BLOCK16/SES169/SA169S27	SES127	-1.73145	-54.4707	-52.7393
BLOCK16/SES169/SA169S27	SES129	-2.09131	-54.8306	-52.7393
BLOCK16/SES169/SA169S27	SES144	-2.09035	-54.8296	-52.7393
BLOCK16/SES169/SA169S27	SES146	-1.20216	-53.9415	-52.7393
BLOCK16/SES169/SA169S29	SES144	-0.904446	-53.3797	-52.4752
BLOCK16/SES169/SA169S29	SES162	-1.16846	-53.6437	-52.4752
BLOCK16/SES169/SA169S29	SES177	-2.50187	-54.9771	-52.4752
BLOCK16/SES169/SA169S29	SES180	-1.62918	-54.1044	-52.4752
BLOCK17/SES171/SA171S12	SES083	-1.93732	-55.7298	-53.7925
BLOCK17/SES171/SA171S12	SES148	-1.81587	-55.6084	-53.7925
BLOCK17/SES171/SA171S12	SES172	-1.76445	-55.5569	-53.7925
BLOCK17/SES171/SA171S12	SES292	-3.09644	-56.8889	-53.7925
BLOCK17/SES171/SA171S15	SES148	-2.15451	-56.2569	-54.1024
BLOCK17/SES171/SA171S15	SES177	-2.26059	-56.363	-54.1024
BLOCK17/SES171/SA171S15	SES180	-5.04591	-59.1483	-54.1024
BLOCK17/SES171/SA171S15	SES292	-3.73368	-57.8361	-54.1024
BLOCK17/SES171/SA171S22	SES007	-2.06985	-55.024	-52.9542
BLOCK17/SES171/SA171S22	SES148	-1.37793	-54.3321	-52.9542
BLOCK17/SES171/SA171S22	SES177	-0.897961	-53.8522	-52.9542
BLOCK17/SES171/SA171S22	SES180	-1.87242	-54.8266	-52.9542
BLOCK17/SES171/SA171S25	SES101	-2.81833	-56.5916	-53.7733
BLOCK17/SES171/SA171S25	SES120	-3.19597	-56.9692	-53.7733
BLOCK17/SES171/SA171S25	SES177	-1.75144	-55.5247	-53.7733
BLOCK17/SES171/SA171S25	SES180	-3.61427	-57.3875	-53.7733
BLOCK17/SES171/SA171S27	SES177	-1.25692	-54.526	-53.2691
BLOCK17/SES171/SA171S27	SES180	-2.63492	-55.904	-53.2691
BLOCK17/SES171/SA171S27	SES189	-1.21392	-54.483	-53.2691
BLOCK17/SES171/SA171S27	SES292	-3.02924	-56.2983	-53.2691
BLOCK17/SES173/SA173S13	SES162	-3.08858	-57.5618	-54.4732
BLOCK17/SES173/SA173S13	SES177	-3.58785	-58.061	-54.4732
BLOCK17/SES173/SA173S13	SES180	-4.2485	-58.7217	-54.4732
BLOCK17/SES173/SA173S13	SES292	-2.97234	-57.4455	-54.4732
BLOCK17/SES173/SA173S14	SES007	-3.72438	-58.5965	-54.8721
BLOCK17/SES173/SA173S14	SES162	-3.068	-57.9401	-54.8721
BLOCK17/SES173/SA173S14	SES177	-1.93224	-56.8043	-54.8721
BLOCK17/SES173/SA173S14	SES180	-3.84547	-58.7176	-54.8721
BLOCK17/SES173/SA173S24	SES144	-2.21181	-57.4185	-55.2067
BLOCK17/SES173/SA173S24	SES162	-3.57876	-58.7854	-55.2067
BLOCK17/SES173/SA173S24	SES177	-2.52368	-57.7304	-55.2067
BLOCK17/SES173/SA173S24	SES180	-3.88548	-59.0922	-55.2067
BLOCK17/SES173/SA173S27	SES162	-3.68687	-58.0169	-54.33
BLOCK17/SES173/SA173S27	SES177	-2.79108	-57.1211	-54.33
BLOCK17/SES173/SA173S27	SES180	-3.77957	-58.1096	-54.33
BLOCK17/SES173/SA173S27	SES292	-3.50805	-57.838	-54.33
BLOCK17/SES173/SA173S29	SES162	-3.0132	-57.2356	-54.2224
BLOCK17/SES173/SA173S29	SES175	-1.54583	-55.7682	-54.2224
BLOCK17/SES173/SA173S29	SES177	-1.95092	-56.1733	-54.2224
BLOCK17/SES173/SA173S29	SES292	-3.85658	-58.079	-54.2224
BLOCK18/SES182/SA182S10	SES144	-1.45537	-54.3327	-52.8773
BLOCK18/SES182/SA182S10	SES177	-2.14871	-55.026	-52.8773
BLOCK18/SES182/SA182S10	SES180	-2.89229	-55.7696	-52.8773
BLOCK18/SES182/SA182S10	SES275	-0.804142	-53.6814	-52.8773
BLOCK18/SES182/SA182S12	SES144	-0.911598	-53.4516	-52.54
BLOCK18/SES182/SA182S12	SES177	-1.60607	-54.1461	-52.54
BLOCK18/SES182/SA182S12	SES180	-1.82259	-54.3626	-52.54
BLOCK18/SES182/SA182S12	SES275	-1.143	-53.683	-52.54
BLOCK18/SES182/SA182S21	SES117	-1.62247	-55.1737	-53.5512
BLOCK18/SES182/SA182S21	SES144	-1.66891	-55.2201	-53.5512
BLOCK18/SES182/SA182S21	SES162	-1.07557	-54.6268	-53.5512
BLOCK18/SES182/SA182S21	SES180	-2.29786	-55.849	-53.5512
BLOCK18/SES182/SA182S23	SES117	-1.72137	-54.8772	-53.1558
BLOCK18/SES182/SA182S23	SES144	-1.74591	-54.9017	-53.1558
BLOCK18/SES182/SA182S23	SES180	-2.57147	-55.7272	-53.1558
BLOCK18/SES182/SA182S23	SES275	-1.14853	-54.3043	-53.1558
BLOCK18/SES182/SA182S25	SES007	-1.06606	-54.219	-53.153
BLOCK18/SES182/SA182S25	SES162	-0.802883	-53.9559	-53.153
BLOCK18/SES182/SA182S25	SES177	-1.1345	-54.2875	-53.153
BLOCK18/SES182/SA182S25	SES180	-1.64368	-54.7967	-53.153
BLOCK18/SES184/SA184S12	SES177	-2.4073	-55.6718	-53.2646
BLOCK18/SES184/SA184S12	SES180	-1.47435	-54.7389	-53.2646
BLOCK18/SES184/SA184S12	SES189	-2.12156	-55.3861	-53.2646
BLOCK18/SES184/SA184S12	SES292	-1.97705	-55.2416	-53.2646
BLOCK18/SES184/SA184S13	SES101	-2.57127	-55.5135	-52.9423
BLOCK18/SES184/SA184S13	SES177	-2.05612	-54.9984	-52.9423
BLOCK18/SES184/SA184S13	SES180	-2.11568	-55.058	-52.9423
BLOCK18/SES184/SA184S13	SES292	-2.41894	-55.3612	-52.9423
BLOCK18/SES184/SA184S22	SES177	-2.09286	-54.0859	-51.993
BLOCK18/SES184/SA184S22	SES180	-1.59174	-53.5848	-51.993
BLOCK18/SES184/SA184S22	SES189	-3.27851	-55.2715	-51.993
BLOCK18/SES184/SA184S22	SES292	-2.53154	-54.5246	-51.993
BLOCK18/SES184/SA184S25	SES101	-1.78146	-53.5147	-51.7332
BLOCK18/SES184/SA184S25	SES177	-2.69687	-54.4301	-51.7332
BLOCK18/SES184/SA184S25	SES180	-2.31211	-54.0453	-51.7332
BLOCK18/SES184/SA184S25	SES292	-1.52034	-53.2536	-51.7332
BLOCK18/SES184/SA184S27	SES083	-1.94782	-54.687	-52.7392
BLOCK18/SES184/SA184S27	SES177	-1.64641	-54.3856	-52.7392
BLOCK18/SES184/SA184S27	SES202	-3.13459	-55.8738	-52.7392
BLOCK18/SES184/SA184S27	SES292	-2.54183	-55.281	-52.7392
BLOCK20/SES204/SA204S12	SES062	-2.30439	-54.0409	-51.7365
BLOCK20/SES204/SA204S12	SES083	-2.58902	-54.3255	-51.7365
BLOCK20/SES204/SA204S12	SES206	-0.9193	-52.6558	-51.7365
BLOCK20/SES204/SA204S12	SES226	-2.18102	-53.9175	-51.7365
BLOCK20/SES204/SA204S14	SES068	-2.56519	-53.5323	-50.9671
BLOCK20/SES204/SA204S14	SES087	-0.972862	-51.94	-50.9671
BLOCK20/SES204/SA204S14	SES206	-1.84426	-52.8114	-50.9671
BLOCK20/SES204/SA204S14	SES226	-2.35597	-53.3231	-50.9671
BLOCK20/SES204/SA204S22	SES068	-3.43583	-55.184	-51.7482
BLOCK20/SES204/SA204S22	SES082	-2.97174	-54.7199	-51.7482
BLOCK20/SES204/SA204S22	SES083	-3.29884	-55.047	-51.7482
BLOCK20/SES204/SA204S22	SES206	-1.39241	-53.1406	-51.7482
BLOCK20/SES204/SA204S25	SES062	-2.94669	-54.915	-51.9683
BLOCK20/SES204/SA204S25	SES083	-3.16771	-55.136	-51.9683
BLOCK20/SES204/SA204S25	SES206	-0.829983	-52.7983	-51.9683
BLOCK20/SES204/SA204S25	SES226	-2.05558	-54.0239	-51.9683
BLOCK20/SES204/SA204S27	SES068	-4.2076	-56.4168	-52.2092
BLOCK20/SES204/SA204S27	SES082	-2.51402	-54.7232	-52.2092
BLOCK20/SES204/SA204S27	SES087	-1.29122	-53.5004	-52.2092
BLOCK20/SES204/SA204S27	SES206	-1.09848	-53.3077	-52.2092
BLOCK20/SES207/SA207S10	SES127	-1.50878	-54.7862	-53.2774
BLOCK20/SES207/SA207S10	SES183	-2.16464	-55.442	-53.2774
BLOCK20/SES207/SA207S10	SES189	-1.77018	-55.0476	-53.2774
BLOCK20/SES207/SA207S10	SES292	-2.29064	-55.568	-53.2774
BLOCK20/SES207/SA207S11	SES127	-3.03501	-56.1393	-53.1043
BLOCK20/SES207/SA207S11	SES183	-2.45495	-55.5592	-53.1043
BLOCK20/SES207/SA207S11	SES187	-1.62417	-54.7284	-53.1043
BLOCK20/SES207/SA207S11	SES292	-1.73387	-54.8381	-53.1043
BLOCK20/SES207/SA207S25	SES068	-2.42399	-55.5693	-53.1453
BLOCK20/SES207/SA207S25	SES083	-3.04758	-56.1928	-53.1453
BLOCK20/SES207/SA207S25	SES127	-1.21898	-54.3642	-53.1453
BLOCK20/SES207/SA207S25	SES187	-0.802792	-53.9481	-53.1453
BLOCK20/SES207/SA207S27	SES127	-1.82202	-55.6329	-53.8109
BLOCK20/SES207/SA207S27	SES183	-1.65647	-55.4674	-53.8109
BLOCK20/SES207/SA207S27	SES187	-1.62648	-55.4374	-53.8109
BLOCK20/SES207/SA207S27	SES292	-2.18582	-55.9967	-53.8109
BLOCK20/SES207/SA207S29	SES083	-3.36209	-56.248	-52.8859
BLOCK20/SES207/SA207S29	SES085	-1.87875	-54.7647	-52.8859
BLOCK20/SES207/SA207S29	SES172	-2.34832	-55.2343	-52.8859
BLOCK20/SES207/SA207S29	SES189	-2.36765	-55.2536	-52.8859
BLOCK22/SES221/SA221S12	SES068	-2.56438	-55.4479	-52.8835
BLOCK22/SES221/SA221S12	SES143	-2.33553	-55.219	-52.8835
BLOCK22/SES221/SA221S12	SES175	-1.536	-54.4195	-52.8835
BLOCK22/SES221/SA221S12	SES202	-0.864864	-53.7484	-52.8835
BLOCK22/SES221/SA221S15	SES085	-3.6651	-57.7327	-54.0676
BLOCK22/SES221/SA221S15	SES143	-3.26584	-57.3335	-54.0676
BLOCK22/SES221/SA221S15	SES175	-1.98966	-56.0573	-54.0676
BLOCK22/SES221/SA221S15	SES187	-1.72736	-55.795	-54.0676
BLOCK22/SES221/SA221S23	SES068	-2.82787	-55.9595	-53.1316
BLOCK22/SES221/SA221S23	SES143	-2.8828	-56.0144	-53.1316
BLOCK22/SES221/SA221S23	SES175	-1.39404	-54.5257	-53.1316
BLOCK22/SES221/SA221S23	SES189	0.348427	-52.7832	-53.1316
BLOCK22/SES221/SA221S27	SES085	-4.09276	-57.0446	-52.9519
BLOCK22/SES221/SA221S27	SES143	-2.40928	-55.3611	-52.9519
BLOCK22/SES221/SA221S27	SES175	-1.80664	-54.7585	-52.9519
BLOCK22/SES221/SA221S27	SES189	0.203495	-52.7484	-52.9519
BLOCK22/SES221/SA221S29	SES085	-5.5672	-59.919	-54.3518
BLOCK22/SES221/SA221S29	SES143	-4.14752	-58.4993	-54.3518
BLOCK22/SES221/SA221S29	SES175	-2.34475	-56.6965	-54.3518
BLOCK22/SES221/SA221S29	SES187	-0.839684	-55.1915	-54.3518
BLOCK22/SES223/SA223S11	SES143	-1.54994	-55.7706	-54.2207
BLOCK22/SES223/SA223S11	SES144	-3.0234	-57.2441	-54.2207
BLOCK22/SES223/SA223S11	SES175	-1.17962	-55.4003	-54.2207
BLOCK22/SES223/SA223S11	SES187	-1.72905	-55.9497	-54.2207
BLOCK22/SES223/SA223S13	SES068	-3.08769	-58.2344	-55.1467
BLOCK22/SES223/SA223S13	SES143	-2.51493	-57.6616	-55.1467
BLOCK22/SES223/SA223S13	SES146	-3.77456	-58.9212	-55.1467
BLOCK22/SES223/SA223S13	SES202	-1.66007	-56.8067	-55.1467
BLOCK22/SES223/SA223S22	SES143	-1.90736	-55.9095	-54.0022
BLOCK22/SES223/SA223S22	SES144	-3.03658	-57.0387	-54.0022
BLOCK22/SES223/SA223S22	SES175	-1.54396	-55.5461	-54.0022
BLOCK22/SES223/SA223S22	SES187	-1.25611	-55.2583	-54.0022
BLOCK22/SES223/SA223S25	SES068	-1.71349	-56.0009	-54.2874
BLOCK22/SES223/SA223S25	SES143	-1.97522	-56.2626	-54.2874
BLOCK22/SES223/SA223S25	SES175	-1.09943	-55.3869	-54.2874
BLOCK22/SES223/SA223S25	SES187	-1.28273	-55.5702	-54.2874
BLOCK22/SES223/SA223S27	SES143	-1.14164	-55.2637	-54.1221
BLOCK22/SES223/SA223S27	SES146	-2.13599	-56.2581	-54.1221
BLOCK22/SES223/SA223S27	SES187	-1.42616	-55.5482	-54.1221
BLOCK22/SES223/SA223S27	SES292	-2.70931	-56.8314	-54.1221
BLOCK27/SES273/SA273S12	SES099	-0.18557	-51.0487	-50.8631
BLOCK27/SES273/SA273S12	SES104	-0.67934	-51.5424	-50.8631
BLOCK27/SES273/SA273S12	SES125	-1.2435	-52.1066	-50.8631
BLOCK27/SES273/SA273S12	SES206	-0.423946	-51.287	-50.8631
BLOCK27/SES273/SA273S13	SES099	-0.568584	-51.4139	-50.8453
BLOCK27/SES273/SA273S13	SES104	-1.13102	-51.9764	-50.8453
BLOCK27/SES273/SA273S13	SES206	-0.795425	-51.6408	-50.8453
BLOCK27/SES273/SA273S13	SES292	-3.18419	-54.0295	-50.8453
BLOCK27/SES273/SA273S21	SES099	0.177425	-51.0724	-51.2499
BLOCK27/SES273/SA273S21	SES148	-3.19809	-54.4479	-51.2499
BLOCK27/SES273/SA273S21	SES149	-1.02325	-52.2731	-51.2499
BLOCK27/SES273/SA273S21	SES177	-3.76973	-55.0196	-51.2499
BLOCK27/SES273/SA273S25	SES104	-0.946999	-52.2196	-51.2726
BLOCK27/SES273/SA273S25	SES125	-1.30978	-52.5824	-51.2726
BLOCK27/SES273/SA273S25	SES158	-0.886169	-52.1588	-51.2726
BLOCK27/SES273/SA273S25	SES206	-0.181847	-51.4545	-51.2726
BLOCK27/SES273/SA273S27	SES099	-0.48484	-51.727	-51.2422
BLOCK27/SES273/SA273S27	SES104	-0.816307	-52.0585	-51.2422
BLOCK27/SES273/SA273S27	SES149	-0.704678	-51.9469	-51.2422
BLOCK27/SES273/SA273S27	SES275	-2.16153	-53.4037	-51.2422
BLOCK27/SES274/SA274S10	SES105	-1.63905	-53.3596	-51.7206
BLOCK27/SES274/SA274S10	SES125	-0.718361	-52.439	-51.7206
BLOCK27/SES274/SA274S10	SES129	-0.869846	-52.5904	-51.7206
BLOCK27/SES274/SA274S10	SES158	-1.71218	-53.4328	-51.7206
BLOCK27/SES274/SA274S11	SES105	-2.07791	-53.817	-51.7391
BLOCK27/SES274/SA274S11	SES149	-0.837833	-52.577	-51.7391
BLOCK27/SES274/SA274S11	SES158	-1.59749	-53.3366	-51.7391
BLOCK27/SES274/SA274S11	SES275	-2.58245	-54.3216	-51.7391
BLOCK27/SES274/SA274S21	SES105	-1.74899	-53.9086	-52.1596
BLOCK27/SES274/SA274S21	SES129	-1.09624	-53.2558	-52.1596
BLOCK27/SES274/SA274S21	SES149	-1.07508	-53.2347	-52.1596
BLOCK27/SES274/SA274S21	SES158	-1.96111	-54.1207	-52.1596
BLOCK27/SES274/SA274S24	SES105	-1.97273	-54.0657	-52.0929
BLOCK27/SES274/SA274S24	SES129	-1.76181	-53.8548	-52.0929
BLOCK27/SES274/SA274S24	SES149	-0.723225	-52.8162	-52.0929
BLOCK27/SES274/SA274S24	SES158	-2.62126	-54.7142	-52.0929
BLOCK27/SES274/SA274S29	SES105	-2.41322	-54.379	-51.9658
BLOCK27/SES274/SA274S29	SES106	-2.29761	-54.2634	-51.9658
BLOCK27/SES274/SA274S29	SES120	-2.53397	-54.4997	-51.9658
BLOCK27/SES274/SA274S29	SES275	-2.32524	-54.291	-51.9658
BLOCK27/SES276/SA276S16	SES148	-2.18222	-55.3656	-53.1834
BLOCK27/SES276/SA276S16	SES172	-1.54566	-54.729	-53.1834
BLOCK27/SES276/SA276S16	SES180	-3.41583	-56.5992	-53.1834
BLOCK27/SES276/SA276S16	SES292	-0.90287	-54.0862	-53.1834
BLOCK27/SES276/SA276S17	SES101	-2.14811	-55.071	-52.9229
BLOCK27/SES276/SA276S17	SES177	-2.10569	-55.0286	-52.9229
BLOCK27/SES276/SA276S17	SES180	-2.48144	-55.4044	-52.9229
BLOCK27/SES276/SA276S17	SES292	-2.09631	-55.0192	-52.9229
BLOCK27/SES276/SA276S24	SES101	-1.15659	-52.8449	-51.6884
BLOCK27/SES276/SA276S24	SES177	-1.82575	-53.5141	-51.6884
BLOCK27/SES276/SA276S24	SES180	-2.11736	-53.8057	-51.6884
BLOCK27/SES276/SA276S24	SES292	-2.61561	-54.304	-51.6884
BLOCK27/SES276/SA276S26	SES101	-2.17021	-54.3577	-52.1875
BLOCK27/SES276/SA276S26	SES177	-1.56311	-53.7506	-52.1875
BLOCK27/SES276/SA276S26	SES180	-1.75404	-53.9416	-52.1875
BLOCK27/SES276/SA276S26	SES292	-1.22882	-53.4163	-52.1875
BLOCK27/SES276/SA276S28	SES101	-2.05733	-54.4466	-52.3893
BLOCK27/SES276/SA276S28	SES177	-2.46347	-54.8528	-52.3893
BLOCK27/SES276/SA276S28	SES180	-1.77604	-54.1653	-52.3893
BLOCK27/SES276/SA276S28	SES292	-2.15062	-54.5399	-52.3893
BLOCK27/SES277/SA277S12	SES101	-1.05698	-54.8628	-53.8058
BLOCK27/SES277/SA277S12	SES177	-2.41838	-56.2242	-53.8058
BLOCK27/SES277/SA277S12	SES180	-2.8093	-56.6151	-53.8058
BLOCK27/SES277/SA277S12	SES292	-3.20414	-57.0099	-53.8058
BLOCK27/SES277/SA277S14	SES177	-1.46793	-55.7451	-54.2772
BLOCK27/SES277/SA277S14	SES180	-2.53658	-56.8138	-54.2772
BLOCK27/SES277/SA277S14	SES189	-0.627705	-54.9049	-54.2772
BLOCK27/SES277/SA277S14	SES292	-3.32481	-57.602	-54.2772
BLOCK27/SES277/SA277S21	SES177	-1.34283	-53.8642	-52.5214
BLOCK27/SES277/SA277S21	SES180	-2.90473	-55.4261	-52.5214
BLOCK27/SES277/SA277S21	SES189	-1.40549	-53.9269	-52.5214
BLOCK27/SES277/SA277S21	SES292	-2.76749	-55.2889	-52.5214
BLOCK27/SES277/SA277S24	SES144	-1.73124	-55.8792	-54.1479
BLOCK27/SES277/SA277S24	SES177	-1.8389	-55.9868	-54.1479
BLOCK27/SES277/SA277S24	SES180	-3.23368	-57.3816	-54.1479
BLOCK27/SES277/SA277S24	SES189	-1.26471	-55.4126	-54.1479
BLOCK27/SES277/SA277S29	SES177	-1.02404	-52.7254	-51.7014
BLOCK27/SES277/SA277S29	SES180	-1.93873	-53.6401	-51.7014
BLOCK27/SES277/SA277S29	SES202	-2.23938	-53.9408	-51.7014
BLOCK27/SES277/SA277S29	SES292	-2.85985	-54.5612	-51.7014
BLOCK27/SES279/SA279S09	SES120	-1.57878	-53.7712	-52.1924
BLOCK27/SES279/SA279S09	SES146	-1.6245	-53.8169	-52.1924
BLOCK27/SES279/SA279S09	SES206	-2.55402	-54.7465	-52.1924
BLOCK27/SES279/SA279S09	SES226	-2.82859	-55.021	-52.1924
BLOCK27/SES279/SA279S10	SES099	-1.79159	-53.8801	-52.0885
BLOCK27/SES279/SA279S10	SES206	-1.7332	-53.8217	-52.0885
BLOCK27/SES279/SA279S10	SES226	-2.74362	-54.8321	-52.0885
BLOCK27/SES279/SA279S10	SES292	-1.29156	-53.38	-52.0885
BLOCK27/SES279/SA279S20	SES099	-3.23298	-55.7866	-52.5536
BLOCK27/SES279/SA279S20	SES206	-2.23538	-54.789	-52.5536
BLOCK27/SES279/SA279S20	SES226	-3.21347	-55.7671	-52.5536
BLOCK27/SES279/SA279S20	SES292	-0.891884	-53.4455	-52.5536
BLOCK27/SES279/SA279S26	SES099	-2.17987	-54.657	-52.4771
BLOCK27/SES279/SA279S26	SES206	-1.83244	-54.3096	-52.4771
BLOCK27/SES279/SA279S26	SES226	-2.29107	-54.7682	-52.4771
BLOCK27/SES279/SA279S26	SES292	-1.63906	-54.1162	-52.4771
BLOCK27/SES279/SA279S28	SES099	-2.90767	-53.9935	-51.0859
BLOCK27/SES279/SA279S28	SES120	-1.46324	-52.5491	-51.0859
BLOCK27/SES279/SA279S28	SES177	-2.74509	-53.831	-51.0859
BLOCK27/SES279/SA279S28	SES206	-2.82113	-53.907	-51.0859
BLOCK29/SES290/SA290S12	SES162	-2.32621	-54.5159	-52.1896
BLOCK29/SES290/SA290S12	SES177	-2.80712	-54.9968	-52.1896
BLOCK29/SES290/SA290S12	SES180	-3.45631	-55.646	-52.1896
BLOCK29/SES290/SA290S12	SES292	-3.10901	-55.2987	-52.1896
BLOCK29/SES290/SA290S13	SES007	-3.82704	-57.231	-53.404
BLOCK29/SES290/SA290S13	SES162	-2.85693	-56.2609	-53.404
BLOCK29/SES290/SA290S13	SES177	-1.57035	-54.9743	-53.404
BLOCK29/SES290/SA290S13	SES180	-2.41415	-55.8181	-53.404
BLOCK29/SES290/SA290S22	SES177	-1.39039	-54.0301	-52.6397
BLOCK29/SES290/SA290S22	SES180	-1.52934	-54.1691	-52.6397
BLOCK29/SES290/SA290S22	SES202	-1.64704	-54.2868	-52.6397
BLOCK29/SES290/SA290S22	SES292	-2.95237	-55.5921	-52.6397
BLOCK29/SES290/SA290S25	SES162	-1.71893	-54.1202	-52.4012
BLOCK29/SES290/SA290S25	SES177	-1.66137	-54.0626	-52.4012
BLOCK29/SES290/SA290S25	SES180	-1.60048	-54.0017	-52.4012
BLOCK29/SES290/SA290S25	SES292	-2.16026	-54.5615	-52.4012
BLOCK29/SES290/SA290S29	SES177	-0.372444	-52.637	-52.2645
BLOCK29/SES290/SA290S29	SES180	-1.12428	-53.3888	-52.2645
BLOCK29/SES290/SA290S29	SES275	-2.30478	-54.5693	-52.2645
BLOCK29/SES290/SA290S29	SES292	-1.8317	-54.0962	-52.2645
BLOCK29/SES291/SA291S11	SES105	-3.92222	-56.6721	-52.7498
BLOCK29/SES291/SA291S11	SES125	-1.35607	-54.1059	-52.7498
BLOCK29/SES291/SA291S11	SES158	-1.84261	-54.5924	-52.7498
BLOCK29/SES291/SA291S11	SES275	-5.38861	-58.1384	-52.7498
BLOCK29/SES291/SA291S12	SES158	-0.596691	-52.8667	-52.27
BLOCK29/SES291/SA291S12	SES226	-1.63124	-53.9012	-52.27
BLOCK29/SES291/SA291S12	SES270	-0.388191	-52.6582	-52.27
BLOCK29/SES291/SA291S12	SES275	-5.50416	-57.7742	-52.27
BLOCK29/SES291/SA291S22	SES082	-1.2752	-53.341	-52.0658
BLOCK29/SES291/SA291S22	SES158	-1.22999	-53.2957	-52.0658
BLOCK29/SES291/SA291S22	SES259	-1.66309	-53.7288	-52.0658
BLOCK29/SES291/SA291S22	SES275	-4.14506	-56.2108	-52.0658
BLOCK29/SES291/SA291S24	SES104	-0.619801	-51.8063	-51.1865
BLOCK29/SES291/SA291S24	SES125	-0.598427	-51.7849	-51.1865
BLOCK29/SES291/SA291S24	SES158	-0.810474	-51.9969	-51.1865
BLOCK29/SES291/SA291S24	SES275	-4.83898	-56.0254	-51.1865
BLOCK29/SES291/SA291S27	SES158	-0.600624	-51.9656	-51.365
BLOCK29/SES291/SA291S27	SES172	-5.40757	-56.7726	-51.365
BLOCK29/SES291/SA291S27	SES275	-4.95821	-56.3232	-51.365
BLOCK29/SES291/SA291S27	SES292	-4.0253	-55.3903	-51.365
